[2025-12-12T14:03:42.549+0000] {processor.py:157} INFO - Started process (PID=206) to work on /opt/airflow/dags/iss_pipeline_orchestration.py
[2025-12-12T14:03:42.550+0000] {processor.py:829} INFO - Processing file /opt/airflow/dags/iss_pipeline_orchestration.py for tasks to queue
[2025-12-12T14:03:42.551+0000] {logging_mixin.py:154} INFO - [2025-12-12T14:03:42.551+0000] {dagbag.py:536} INFO - Filling up the DagBag from /opt/airflow/dags/iss_pipeline_orchestration.py
[2025-12-12T14:03:42.581+0000] {processor.py:839} INFO - DAG(s) dict_keys(['iss_data_quality', 'iss_restart', 'iss_monitoring']) retrieved from /opt/airflow/dags/iss_pipeline_orchestration.py
[2025-12-12T14:03:42.800+0000] {logging_mixin.py:154} INFO - [2025-12-12T14:03:42.800+0000] {manager.py:499} INFO - Created Permission View: %s
[2025-12-12T14:03:42.810+0000] {logging_mixin.py:154} INFO - [2025-12-12T14:03:42.810+0000] {manager.py:499} INFO - Created Permission View: %s
[2025-12-12T14:03:42.817+0000] {logging_mixin.py:154} INFO - [2025-12-12T14:03:42.817+0000] {manager.py:499} INFO - Created Permission View: %s
[2025-12-12T14:03:42.830+0000] {logging_mixin.py:154} INFO - [2025-12-12T14:03:42.830+0000] {manager.py:499} INFO - Created Permission View: %s
[2025-12-12T14:03:42.836+0000] {logging_mixin.py:154} INFO - [2025-12-12T14:03:42.836+0000] {manager.py:499} INFO - Created Permission View: %s
[2025-12-12T14:03:42.842+0000] {logging_mixin.py:154} INFO - [2025-12-12T14:03:42.842+0000] {manager.py:499} INFO - Created Permission View: %s
[2025-12-12T14:03:42.856+0000] {logging_mixin.py:154} INFO - [2025-12-12T14:03:42.856+0000] {manager.py:499} INFO - Created Permission View: %s
[2025-12-12T14:03:42.862+0000] {logging_mixin.py:154} INFO - [2025-12-12T14:03:42.862+0000] {manager.py:499} INFO - Created Permission View: %s
[2025-12-12T14:03:42.868+0000] {logging_mixin.py:154} INFO - [2025-12-12T14:03:42.868+0000] {manager.py:499} INFO - Created Permission View: %s
[2025-12-12T14:03:42.868+0000] {logging_mixin.py:154} INFO - [2025-12-12T14:03:42.868+0000] {dag.py:2941} INFO - Sync 3 DAGs
[2025-12-12T14:03:42.879+0000] {logging_mixin.py:154} INFO - [2025-12-12T14:03:42.879+0000] {dag.py:2963} INFO - Creating ORM DAG for iss_restart
[2025-12-12T14:03:42.880+0000] {logging_mixin.py:154} INFO - [2025-12-12T14:03:42.880+0000] {dag.py:2963} INFO - Creating ORM DAG for iss_monitoring
[2025-12-12T14:03:42.880+0000] {logging_mixin.py:154} INFO - [2025-12-12T14:03:42.880+0000] {dag.py:2963} INFO - Creating ORM DAG for iss_data_quality
[2025-12-12T14:03:42.889+0000] {logging_mixin.py:154} INFO - [2025-12-12T14:03:42.889+0000] {dag.py:3722} INFO - Setting next_dagrun for iss_data_quality to 2025-12-12T13:03:42.889204+00:00, run_after=2025-12-12T14:03:42.889204+00:00
[2025-12-12T14:03:42.890+0000] {logging_mixin.py:154} INFO - [2025-12-12T14:03:42.890+0000] {dag.py:3722} INFO - Setting next_dagrun for iss_monitoring to 2025-12-12T13:58:42.890326+00:00, run_after=2025-12-12T14:03:42.890326+00:00
[2025-12-12T14:03:42.891+0000] {logging_mixin.py:154} INFO - [2025-12-12T14:03:42.890+0000] {dag.py:3722} INFO - Setting next_dagrun for iss_restart to None, run_after=None
[2025-12-12T14:03:42.914+0000] {processor.py:179} INFO - Processing /opt/airflow/dags/iss_pipeline_orchestration.py took 0.367 seconds
[2025-12-12T14:04:13.173+0000] {processor.py:157} INFO - Started process (PID=232) to work on /opt/airflow/dags/iss_pipeline_orchestration.py
[2025-12-12T14:04:13.174+0000] {processor.py:829} INFO - Processing file /opt/airflow/dags/iss_pipeline_orchestration.py for tasks to queue
[2025-12-12T14:04:13.175+0000] {logging_mixin.py:154} INFO - [2025-12-12T14:04:13.174+0000] {dagbag.py:536} INFO - Filling up the DagBag from /opt/airflow/dags/iss_pipeline_orchestration.py
[2025-12-12T14:04:13.191+0000] {processor.py:839} INFO - DAG(s) dict_keys(['iss_data_quality', 'iss_restart', 'iss_monitoring']) retrieved from /opt/airflow/dags/iss_pipeline_orchestration.py
[2025-12-12T14:04:13.220+0000] {logging_mixin.py:154} INFO - [2025-12-12T14:04:13.220+0000] {dag.py:2941} INFO - Sync 3 DAGs
[2025-12-12T14:04:13.241+0000] {logging_mixin.py:154} INFO - [2025-12-12T14:04:13.241+0000] {dag.py:3722} INFO - Setting next_dagrun for iss_data_quality to 2025-12-12T14:03:42.889204+00:00, run_after=2025-12-12T15:03:42.889204+00:00
[2025-12-12T14:04:13.245+0000] {logging_mixin.py:154} INFO - [2025-12-12T14:04:13.244+0000] {dag.py:3722} INFO - Setting next_dagrun for iss_monitoring to 2025-12-12T14:03:42.890326+00:00, run_after=2025-12-12T14:08:42.890326+00:00
[2025-12-12T14:04:13.246+0000] {logging_mixin.py:154} INFO - [2025-12-12T14:04:13.246+0000] {dag.py:3722} INFO - Setting next_dagrun for iss_restart to None, run_after=None
[2025-12-12T14:04:13.262+0000] {processor.py:179} INFO - Processing /opt/airflow/dags/iss_pipeline_orchestration.py took 0.092 seconds
[2025-12-12T14:04:43.570+0000] {processor.py:157} INFO - Started process (PID=244) to work on /opt/airflow/dags/iss_pipeline_orchestration.py
[2025-12-12T14:04:43.571+0000] {processor.py:829} INFO - Processing file /opt/airflow/dags/iss_pipeline_orchestration.py for tasks to queue
[2025-12-12T14:04:43.572+0000] {logging_mixin.py:154} INFO - [2025-12-12T14:04:43.572+0000] {dagbag.py:536} INFO - Filling up the DagBag from /opt/airflow/dags/iss_pipeline_orchestration.py
[2025-12-12T14:04:43.593+0000] {processor.py:839} INFO - DAG(s) dict_keys(['iss_monitoring', 'iss_restart', 'iss_data_quality']) retrieved from /opt/airflow/dags/iss_pipeline_orchestration.py
[2025-12-12T14:04:43.628+0000] {logging_mixin.py:154} INFO - [2025-12-12T14:04:43.628+0000] {dag.py:2941} INFO - Sync 3 DAGs
[2025-12-12T14:04:43.658+0000] {logging_mixin.py:154} INFO - [2025-12-12T14:04:43.658+0000] {dag.py:3722} INFO - Setting next_dagrun for iss_data_quality to 2025-12-12T14:03:42.889204+00:00, run_after=2025-12-12T15:03:42.889204+00:00
[2025-12-12T14:04:43.663+0000] {logging_mixin.py:154} INFO - [2025-12-12T14:04:43.663+0000] {dag.py:3722} INFO - Setting next_dagrun for iss_monitoring to 2025-12-12T14:03:42.890326+00:00, run_after=2025-12-12T14:08:42.890326+00:00
[2025-12-12T14:04:43.666+0000] {logging_mixin.py:154} INFO - [2025-12-12T14:04:43.666+0000] {dag.py:3722} INFO - Setting next_dagrun for iss_restart to None, run_after=None
[2025-12-12T14:04:43.692+0000] {processor.py:179} INFO - Processing /opt/airflow/dags/iss_pipeline_orchestration.py took 0.125 seconds
[2025-12-12T14:05:14.030+0000] {processor.py:157} INFO - Started process (PID=260) to work on /opt/airflow/dags/iss_pipeline_orchestration.py
[2025-12-12T14:05:14.031+0000] {processor.py:829} INFO - Processing file /opt/airflow/dags/iss_pipeline_orchestration.py for tasks to queue
[2025-12-12T14:05:14.032+0000] {logging_mixin.py:154} INFO - [2025-12-12T14:05:14.031+0000] {dagbag.py:536} INFO - Filling up the DagBag from /opt/airflow/dags/iss_pipeline_orchestration.py
[2025-12-12T14:05:14.049+0000] {processor.py:839} INFO - DAG(s) dict_keys(['iss_restart', 'iss_data_quality', 'iss_monitoring']) retrieved from /opt/airflow/dags/iss_pipeline_orchestration.py
[2025-12-12T14:05:14.078+0000] {logging_mixin.py:154} INFO - [2025-12-12T14:05:14.078+0000] {dag.py:2941} INFO - Sync 3 DAGs
[2025-12-12T14:05:14.098+0000] {logging_mixin.py:154} INFO - [2025-12-12T14:05:14.097+0000] {dag.py:3722} INFO - Setting next_dagrun for iss_data_quality to 2025-12-12T14:03:42.889204+00:00, run_after=2025-12-12T15:03:42.889204+00:00
[2025-12-12T14:05:14.102+0000] {logging_mixin.py:154} INFO - [2025-12-12T14:05:14.102+0000] {dag.py:3722} INFO - Setting next_dagrun for iss_monitoring to 2025-12-12T14:03:42.890326+00:00, run_after=2025-12-12T14:08:42.890326+00:00
[2025-12-12T14:05:14.103+0000] {logging_mixin.py:154} INFO - [2025-12-12T14:05:14.103+0000] {dag.py:3722} INFO - Setting next_dagrun for iss_restart to None, run_after=None
[2025-12-12T14:05:14.119+0000] {processor.py:179} INFO - Processing /opt/airflow/dags/iss_pipeline_orchestration.py took 0.092 seconds
[2025-12-12T14:07:41.940+0000] {processor.py:157} INFO - Started process (PID=276) to work on /opt/airflow/dags/iss_pipeline_orchestration.py
[2025-12-12T14:07:41.942+0000] {processor.py:829} INFO - Processing file /opt/airflow/dags/iss_pipeline_orchestration.py for tasks to queue
[2025-12-12T14:07:41.946+0000] {logging_mixin.py:154} INFO - [2025-12-12T14:07:41.944+0000] {dagbag.py:536} INFO - Filling up the DagBag from /opt/airflow/dags/iss_pipeline_orchestration.py
[2025-12-12T14:07:42.012+0000] {processor.py:839} INFO - DAG(s) dict_keys(['iss_data_quality', 'iss_restart', 'iss_monitoring']) retrieved from /opt/airflow/dags/iss_pipeline_orchestration.py
[2025-12-12T14:07:42.133+0000] {logging_mixin.py:154} INFO - [2025-12-12T14:07:42.133+0000] {dag.py:2941} INFO - Sync 3 DAGs
[2025-12-12T14:07:42.206+0000] {logging_mixin.py:154} INFO - [2025-12-12T14:07:42.205+0000] {dag.py:3722} INFO - Setting next_dagrun for iss_data_quality to 2025-12-12T14:03:42.889204+00:00, run_after=2025-12-12T15:03:42.889204+00:00
[2025-12-12T14:07:42.217+0000] {logging_mixin.py:154} INFO - [2025-12-12T14:07:42.217+0000] {dag.py:3722} INFO - Setting next_dagrun for iss_monitoring to 2025-12-12T14:03:42.890326+00:00, run_after=2025-12-12T14:08:42.890326+00:00
[2025-12-12T14:07:42.229+0000] {logging_mixin.py:154} INFO - [2025-12-12T14:07:42.229+0000] {dag.py:3722} INFO - Setting next_dagrun for iss_restart to None, run_after=None
[2025-12-12T14:07:42.295+0000] {processor.py:179} INFO - Processing /opt/airflow/dags/iss_pipeline_orchestration.py took 0.366 seconds
[2025-12-12T14:08:22.668+0000] {processor.py:157} INFO - Started process (PID=283) to work on /opt/airflow/dags/iss_pipeline_orchestration.py
[2025-12-12T14:08:22.670+0000] {processor.py:829} INFO - Processing file /opt/airflow/dags/iss_pipeline_orchestration.py for tasks to queue
[2025-12-12T14:08:22.671+0000] {logging_mixin.py:154} INFO - [2025-12-12T14:08:22.670+0000] {dagbag.py:536} INFO - Filling up the DagBag from /opt/airflow/dags/iss_pipeline_orchestration.py
[2025-12-12T14:08:22.699+0000] {processor.py:839} INFO - DAG(s) dict_keys(['iss_data_quality', 'iss_monitoring', 'iss_restart']) retrieved from /opt/airflow/dags/iss_pipeline_orchestration.py
[2025-12-12T14:08:22.737+0000] {logging_mixin.py:154} INFO - [2025-12-12T14:08:22.736+0000] {dag.py:2941} INFO - Sync 3 DAGs
[2025-12-12T14:08:22.763+0000] {logging_mixin.py:154} INFO - [2025-12-12T14:08:22.763+0000] {dag.py:3722} INFO - Setting next_dagrun for iss_data_quality to 2025-12-12T14:03:42.889204+00:00, run_after=2025-12-12T15:03:42.889204+00:00
[2025-12-12T14:08:22.770+0000] {logging_mixin.py:154} INFO - [2025-12-12T14:08:22.769+0000] {dag.py:3722} INFO - Setting next_dagrun for iss_monitoring to 2025-12-12T14:03:42.890326+00:00, run_after=2025-12-12T14:08:42.890326+00:00
[2025-12-12T14:08:22.772+0000] {logging_mixin.py:154} INFO - [2025-12-12T14:08:22.772+0000] {dag.py:3722} INFO - Setting next_dagrun for iss_restart to None, run_after=None
[2025-12-12T14:08:22.793+0000] {processor.py:179} INFO - Processing /opt/airflow/dags/iss_pipeline_orchestration.py took 0.128 seconds
[2025-12-12T14:08:53.647+0000] {processor.py:157} INFO - Started process (PID=307) to work on /opt/airflow/dags/iss_pipeline_orchestration.py
[2025-12-12T14:08:53.648+0000] {processor.py:829} INFO - Processing file /opt/airflow/dags/iss_pipeline_orchestration.py for tasks to queue
[2025-12-12T14:08:53.649+0000] {logging_mixin.py:154} INFO - [2025-12-12T14:08:53.649+0000] {dagbag.py:536} INFO - Filling up the DagBag from /opt/airflow/dags/iss_pipeline_orchestration.py
[2025-12-12T14:08:53.672+0000] {processor.py:839} INFO - DAG(s) dict_keys(['iss_data_quality', 'iss_monitoring', 'iss_restart']) retrieved from /opt/airflow/dags/iss_pipeline_orchestration.py
[2025-12-12T14:08:53.711+0000] {logging_mixin.py:154} INFO - [2025-12-12T14:08:53.711+0000] {dag.py:2941} INFO - Sync 3 DAGs
[2025-12-12T14:08:53.736+0000] {logging_mixin.py:154} INFO - [2025-12-12T14:08:53.736+0000] {dag.py:3722} INFO - Setting next_dagrun for iss_data_quality to 2025-12-12T14:03:42.889204+00:00, run_after=2025-12-12T15:03:42.889204+00:00
[2025-12-12T14:08:53.741+0000] {logging_mixin.py:154} INFO - [2025-12-12T14:08:53.740+0000] {dag.py:3722} INFO - Setting next_dagrun for iss_monitoring to 2025-12-12T14:08:42.890326+00:00, run_after=2025-12-12T14:13:42.890326+00:00
[2025-12-12T14:08:53.743+0000] {logging_mixin.py:154} INFO - [2025-12-12T14:08:53.742+0000] {dag.py:3722} INFO - Setting next_dagrun for iss_restart to None, run_after=None
[2025-12-12T14:08:53.763+0000] {processor.py:179} INFO - Processing /opt/airflow/dags/iss_pipeline_orchestration.py took 0.119 seconds
[2025-12-12T14:09:23.895+0000] {processor.py:157} INFO - Started process (PID=312) to work on /opt/airflow/dags/iss_pipeline_orchestration.py
[2025-12-12T14:09:23.897+0000] {processor.py:829} INFO - Processing file /opt/airflow/dags/iss_pipeline_orchestration.py for tasks to queue
[2025-12-12T14:09:23.898+0000] {logging_mixin.py:154} INFO - [2025-12-12T14:09:23.898+0000] {dagbag.py:536} INFO - Filling up the DagBag from /opt/airflow/dags/iss_pipeline_orchestration.py
[2025-12-12T14:09:23.923+0000] {processor.py:839} INFO - DAG(s) dict_keys(['iss_restart', 'iss_monitoring', 'iss_data_quality']) retrieved from /opt/airflow/dags/iss_pipeline_orchestration.py
[2025-12-12T14:09:23.968+0000] {logging_mixin.py:154} INFO - [2025-12-12T14:09:23.968+0000] {dag.py:2941} INFO - Sync 3 DAGs
[2025-12-12T14:09:23.994+0000] {logging_mixin.py:154} INFO - [2025-12-12T14:09:23.994+0000] {dag.py:3722} INFO - Setting next_dagrun for iss_data_quality to 2025-12-12T14:03:42.889204+00:00, run_after=2025-12-12T15:03:42.889204+00:00
[2025-12-12T14:09:23.999+0000] {logging_mixin.py:154} INFO - [2025-12-12T14:09:23.999+0000] {dag.py:3722} INFO - Setting next_dagrun for iss_monitoring to 2025-12-12T14:08:42.890326+00:00, run_after=2025-12-12T14:13:42.890326+00:00
[2025-12-12T14:09:24.001+0000] {logging_mixin.py:154} INFO - [2025-12-12T14:09:24.001+0000] {dag.py:3722} INFO - Setting next_dagrun for iss_restart to None, run_after=None
[2025-12-12T14:09:24.021+0000] {processor.py:179} INFO - Processing /opt/airflow/dags/iss_pipeline_orchestration.py took 0.130 seconds
[2025-12-12T14:09:54.142+0000] {processor.py:157} INFO - Started process (PID=324) to work on /opt/airflow/dags/iss_pipeline_orchestration.py
[2025-12-12T14:09:54.143+0000] {processor.py:829} INFO - Processing file /opt/airflow/dags/iss_pipeline_orchestration.py for tasks to queue
[2025-12-12T14:09:54.143+0000] {logging_mixin.py:154} INFO - [2025-12-12T14:09:54.143+0000] {dagbag.py:536} INFO - Filling up the DagBag from /opt/airflow/dags/iss_pipeline_orchestration.py
[2025-12-12T14:09:54.158+0000] {processor.py:839} INFO - DAG(s) dict_keys(['iss_restart', 'iss_data_quality', 'iss_monitoring']) retrieved from /opt/airflow/dags/iss_pipeline_orchestration.py
[2025-12-12T14:09:54.184+0000] {logging_mixin.py:154} INFO - [2025-12-12T14:09:54.184+0000] {dag.py:2941} INFO - Sync 3 DAGs
[2025-12-12T14:09:54.201+0000] {logging_mixin.py:154} INFO - [2025-12-12T14:09:54.201+0000] {dag.py:3722} INFO - Setting next_dagrun for iss_data_quality to 2025-12-12T14:03:42.889204+00:00, run_after=2025-12-12T15:03:42.889204+00:00
[2025-12-12T14:09:54.204+0000] {logging_mixin.py:154} INFO - [2025-12-12T14:09:54.204+0000] {dag.py:3722} INFO - Setting next_dagrun for iss_monitoring to 2025-12-12T14:08:42.890326+00:00, run_after=2025-12-12T14:13:42.890326+00:00
[2025-12-12T14:09:54.205+0000] {logging_mixin.py:154} INFO - [2025-12-12T14:09:54.205+0000] {dag.py:3722} INFO - Setting next_dagrun for iss_restart to None, run_after=None
[2025-12-12T14:09:54.254+0000] {processor.py:179} INFO - Processing /opt/airflow/dags/iss_pipeline_orchestration.py took 0.114 seconds
[2025-12-12T14:10:24.331+0000] {processor.py:157} INFO - Started process (PID=336) to work on /opt/airflow/dags/iss_pipeline_orchestration.py
[2025-12-12T14:10:24.332+0000] {processor.py:829} INFO - Processing file /opt/airflow/dags/iss_pipeline_orchestration.py for tasks to queue
[2025-12-12T14:10:24.333+0000] {logging_mixin.py:154} INFO - [2025-12-12T14:10:24.332+0000] {dagbag.py:536} INFO - Filling up the DagBag from /opt/airflow/dags/iss_pipeline_orchestration.py
[2025-12-12T14:10:24.347+0000] {processor.py:839} INFO - DAG(s) dict_keys(['iss_restart', 'iss_monitoring', 'iss_data_quality']) retrieved from /opt/airflow/dags/iss_pipeline_orchestration.py
[2025-12-12T14:10:24.374+0000] {logging_mixin.py:154} INFO - [2025-12-12T14:10:24.374+0000] {dag.py:2941} INFO - Sync 3 DAGs
[2025-12-12T14:10:24.391+0000] {logging_mixin.py:154} INFO - [2025-12-12T14:10:24.391+0000] {dag.py:3722} INFO - Setting next_dagrun for iss_data_quality to 2025-12-12T14:03:42.889204+00:00, run_after=2025-12-12T15:03:42.889204+00:00
[2025-12-12T14:10:24.393+0000] {logging_mixin.py:154} INFO - [2025-12-12T14:10:24.393+0000] {dag.py:3722} INFO - Setting next_dagrun for iss_monitoring to 2025-12-12T14:08:42.890326+00:00, run_after=2025-12-12T14:13:42.890326+00:00
[2025-12-12T14:10:24.395+0000] {logging_mixin.py:154} INFO - [2025-12-12T14:10:24.395+0000] {dag.py:3722} INFO - Setting next_dagrun for iss_restart to None, run_after=None
[2025-12-12T14:10:24.408+0000] {processor.py:179} INFO - Processing /opt/airflow/dags/iss_pipeline_orchestration.py took 0.079 seconds
[2025-12-12T14:10:54.709+0000] {processor.py:157} INFO - Started process (PID=354) to work on /opt/airflow/dags/iss_pipeline_orchestration.py
[2025-12-12T14:10:54.709+0000] {processor.py:829} INFO - Processing file /opt/airflow/dags/iss_pipeline_orchestration.py for tasks to queue
[2025-12-12T14:10:54.710+0000] {logging_mixin.py:154} INFO - [2025-12-12T14:10:54.710+0000] {dagbag.py:536} INFO - Filling up the DagBag from /opt/airflow/dags/iss_pipeline_orchestration.py
[2025-12-12T14:10:54.725+0000] {processor.py:839} INFO - DAG(s) dict_keys(['iss_restart', 'iss_monitoring', 'iss_data_quality']) retrieved from /opt/airflow/dags/iss_pipeline_orchestration.py
[2025-12-12T14:10:54.750+0000] {logging_mixin.py:154} INFO - [2025-12-12T14:10:54.750+0000] {dag.py:2941} INFO - Sync 3 DAGs
[2025-12-12T14:10:54.767+0000] {logging_mixin.py:154} INFO - [2025-12-12T14:10:54.767+0000] {dag.py:3722} INFO - Setting next_dagrun for iss_data_quality to 2025-12-12T14:03:42.889204+00:00, run_after=2025-12-12T15:03:42.889204+00:00
[2025-12-12T14:10:54.770+0000] {logging_mixin.py:154} INFO - [2025-12-12T14:10:54.770+0000] {dag.py:3722} INFO - Setting next_dagrun for iss_monitoring to 2025-12-12T14:08:42.890326+00:00, run_after=2025-12-12T14:13:42.890326+00:00
[2025-12-12T14:10:54.771+0000] {logging_mixin.py:154} INFO - [2025-12-12T14:10:54.771+0000] {dag.py:3722} INFO - Setting next_dagrun for iss_restart to None, run_after=None
[2025-12-12T14:10:54.783+0000] {processor.py:179} INFO - Processing /opt/airflow/dags/iss_pipeline_orchestration.py took 0.077 seconds
[2025-12-12T14:11:25.181+0000] {processor.py:157} INFO - Started process (PID=372) to work on /opt/airflow/dags/iss_pipeline_orchestration.py
[2025-12-12T14:11:25.181+0000] {processor.py:829} INFO - Processing file /opt/airflow/dags/iss_pipeline_orchestration.py for tasks to queue
[2025-12-12T14:11:25.182+0000] {logging_mixin.py:154} INFO - [2025-12-12T14:11:25.182+0000] {dagbag.py:536} INFO - Filling up the DagBag from /opt/airflow/dags/iss_pipeline_orchestration.py
[2025-12-12T14:11:25.198+0000] {processor.py:839} INFO - DAG(s) dict_keys(['iss_data_quality', 'iss_restart', 'iss_monitoring']) retrieved from /opt/airflow/dags/iss_pipeline_orchestration.py
[2025-12-12T14:11:25.224+0000] {logging_mixin.py:154} INFO - [2025-12-12T14:11:25.224+0000] {dag.py:2941} INFO - Sync 3 DAGs
[2025-12-12T14:11:25.241+0000] {logging_mixin.py:154} INFO - [2025-12-12T14:11:25.241+0000] {dag.py:3722} INFO - Setting next_dagrun for iss_data_quality to 2025-12-12T14:03:42.889204+00:00, run_after=2025-12-12T15:03:42.889204+00:00
[2025-12-12T14:11:25.244+0000] {logging_mixin.py:154} INFO - [2025-12-12T14:11:25.244+0000] {dag.py:3722} INFO - Setting next_dagrun for iss_monitoring to 2025-12-12T14:08:42.890326+00:00, run_after=2025-12-12T14:13:42.890326+00:00
[2025-12-12T14:11:25.245+0000] {logging_mixin.py:154} INFO - [2025-12-12T14:11:25.245+0000] {dag.py:3722} INFO - Setting next_dagrun for iss_restart to None, run_after=None
[2025-12-12T14:11:25.258+0000] {processor.py:179} INFO - Processing /opt/airflow/dags/iss_pipeline_orchestration.py took 0.079 seconds
[2025-12-12T14:11:55.554+0000] {processor.py:157} INFO - Started process (PID=390) to work on /opt/airflow/dags/iss_pipeline_orchestration.py
[2025-12-12T14:11:55.555+0000] {processor.py:829} INFO - Processing file /opt/airflow/dags/iss_pipeline_orchestration.py for tasks to queue
[2025-12-12T14:11:55.556+0000] {logging_mixin.py:154} INFO - [2025-12-12T14:11:55.556+0000] {dagbag.py:536} INFO - Filling up the DagBag from /opt/airflow/dags/iss_pipeline_orchestration.py
[2025-12-12T14:11:55.575+0000] {processor.py:839} INFO - DAG(s) dict_keys(['iss_restart', 'iss_data_quality', 'iss_monitoring']) retrieved from /opt/airflow/dags/iss_pipeline_orchestration.py
[2025-12-12T14:11:55.606+0000] {logging_mixin.py:154} INFO - [2025-12-12T14:11:55.606+0000] {dag.py:2941} INFO - Sync 3 DAGs
[2025-12-12T14:11:55.627+0000] {logging_mixin.py:154} INFO - [2025-12-12T14:11:55.627+0000] {dag.py:3722} INFO - Setting next_dagrun for iss_data_quality to 2025-12-12T14:03:42.889204+00:00, run_after=2025-12-12T15:03:42.889204+00:00
[2025-12-12T14:11:55.631+0000] {logging_mixin.py:154} INFO - [2025-12-12T14:11:55.631+0000] {dag.py:3722} INFO - Setting next_dagrun for iss_monitoring to 2025-12-12T14:08:42.890326+00:00, run_after=2025-12-12T14:13:42.890326+00:00
[2025-12-12T14:11:55.633+0000] {logging_mixin.py:154} INFO - [2025-12-12T14:11:55.633+0000] {dag.py:3722} INFO - Setting next_dagrun for iss_restart to None, run_after=None
[2025-12-12T14:11:55.653+0000] {processor.py:179} INFO - Processing /opt/airflow/dags/iss_pipeline_orchestration.py took 0.102 seconds
[2025-12-12T14:12:25.887+0000] {processor.py:157} INFO - Started process (PID=402) to work on /opt/airflow/dags/iss_pipeline_orchestration.py
[2025-12-12T14:12:25.888+0000] {processor.py:829} INFO - Processing file /opt/airflow/dags/iss_pipeline_orchestration.py for tasks to queue
[2025-12-12T14:12:25.889+0000] {logging_mixin.py:154} INFO - [2025-12-12T14:12:25.889+0000] {dagbag.py:536} INFO - Filling up the DagBag from /opt/airflow/dags/iss_pipeline_orchestration.py
[2025-12-12T14:12:25.905+0000] {processor.py:839} INFO - DAG(s) dict_keys(['iss_data_quality', 'iss_restart', 'iss_monitoring']) retrieved from /opt/airflow/dags/iss_pipeline_orchestration.py
[2025-12-12T14:12:25.935+0000] {logging_mixin.py:154} INFO - [2025-12-12T14:12:25.935+0000] {dag.py:2941} INFO - Sync 3 DAGs
[2025-12-12T14:12:25.956+0000] {logging_mixin.py:154} INFO - [2025-12-12T14:12:25.955+0000] {dag.py:3722} INFO - Setting next_dagrun for iss_data_quality to 2025-12-12T14:03:42.889204+00:00, run_after=2025-12-12T15:03:42.889204+00:00
[2025-12-12T14:12:25.959+0000] {logging_mixin.py:154} INFO - [2025-12-12T14:12:25.959+0000] {dag.py:3722} INFO - Setting next_dagrun for iss_monitoring to 2025-12-12T14:08:42.890326+00:00, run_after=2025-12-12T14:13:42.890326+00:00
[2025-12-12T14:12:25.960+0000] {logging_mixin.py:154} INFO - [2025-12-12T14:12:25.960+0000] {dag.py:3722} INFO - Setting next_dagrun for iss_restart to None, run_after=None
[2025-12-12T14:12:25.976+0000] {processor.py:179} INFO - Processing /opt/airflow/dags/iss_pipeline_orchestration.py took 0.091 seconds
[2025-12-12T14:12:56.518+0000] {processor.py:157} INFO - Started process (PID=414) to work on /opt/airflow/dags/iss_pipeline_orchestration.py
[2025-12-12T14:12:56.519+0000] {processor.py:829} INFO - Processing file /opt/airflow/dags/iss_pipeline_orchestration.py for tasks to queue
[2025-12-12T14:12:56.520+0000] {logging_mixin.py:154} INFO - [2025-12-12T14:12:56.520+0000] {dagbag.py:536} INFO - Filling up the DagBag from /opt/airflow/dags/iss_pipeline_orchestration.py
[2025-12-12T14:12:56.538+0000] {processor.py:839} INFO - DAG(s) dict_keys(['iss_monitoring', 'iss_restart', 'iss_data_quality']) retrieved from /opt/airflow/dags/iss_pipeline_orchestration.py
[2025-12-12T14:12:56.567+0000] {logging_mixin.py:154} INFO - [2025-12-12T14:12:56.567+0000] {dag.py:2941} INFO - Sync 3 DAGs
[2025-12-12T14:12:56.588+0000] {logging_mixin.py:154} INFO - [2025-12-12T14:12:56.588+0000] {dag.py:3722} INFO - Setting next_dagrun for iss_data_quality to 2025-12-12T14:03:42.889204+00:00, run_after=2025-12-12T15:03:42.889204+00:00
[2025-12-12T14:12:56.591+0000] {logging_mixin.py:154} INFO - [2025-12-12T14:12:56.591+0000] {dag.py:3722} INFO - Setting next_dagrun for iss_monitoring to 2025-12-12T14:08:42.890326+00:00, run_after=2025-12-12T14:13:42.890326+00:00
[2025-12-12T14:12:56.592+0000] {logging_mixin.py:154} INFO - [2025-12-12T14:12:56.592+0000] {dag.py:3722} INFO - Setting next_dagrun for iss_restart to None, run_after=None
[2025-12-12T14:12:56.606+0000] {processor.py:179} INFO - Processing /opt/airflow/dags/iss_pipeline_orchestration.py took 0.091 seconds
[2025-12-12T14:13:26.834+0000] {processor.py:157} INFO - Started process (PID=423) to work on /opt/airflow/dags/iss_pipeline_orchestration.py
[2025-12-12T14:13:26.835+0000] {processor.py:829} INFO - Processing file /opt/airflow/dags/iss_pipeline_orchestration.py for tasks to queue
[2025-12-12T14:13:26.836+0000] {logging_mixin.py:154} INFO - [2025-12-12T14:13:26.836+0000] {dagbag.py:536} INFO - Filling up the DagBag from /opt/airflow/dags/iss_pipeline_orchestration.py
[2025-12-12T14:13:26.856+0000] {processor.py:839} INFO - DAG(s) dict_keys(['iss_data_quality', 'iss_restart', 'iss_monitoring']) retrieved from /opt/airflow/dags/iss_pipeline_orchestration.py
[2025-12-12T14:13:26.889+0000] {logging_mixin.py:154} INFO - [2025-12-12T14:13:26.889+0000] {dag.py:2941} INFO - Sync 3 DAGs
[2025-12-12T14:13:26.912+0000] {logging_mixin.py:154} INFO - [2025-12-12T14:13:26.912+0000] {dag.py:3722} INFO - Setting next_dagrun for iss_data_quality to 2025-12-12T14:03:42.889204+00:00, run_after=2025-12-12T15:03:42.889204+00:00
[2025-12-12T14:13:26.916+0000] {logging_mixin.py:154} INFO - [2025-12-12T14:13:26.915+0000] {dag.py:3722} INFO - Setting next_dagrun for iss_monitoring to 2025-12-12T14:08:42.890326+00:00, run_after=2025-12-12T14:13:42.890326+00:00
[2025-12-12T14:13:26.917+0000] {logging_mixin.py:154} INFO - [2025-12-12T14:13:26.917+0000] {dag.py:3722} INFO - Setting next_dagrun for iss_restart to None, run_after=None
[2025-12-12T14:13:26.933+0000] {processor.py:179} INFO - Processing /opt/airflow/dags/iss_pipeline_orchestration.py took 0.102 seconds
[2025-12-12T14:13:57.243+0000] {processor.py:157} INFO - Started process (PID=449) to work on /opt/airflow/dags/iss_pipeline_orchestration.py
[2025-12-12T14:13:57.244+0000] {processor.py:829} INFO - Processing file /opt/airflow/dags/iss_pipeline_orchestration.py for tasks to queue
[2025-12-12T14:13:57.244+0000] {logging_mixin.py:154} INFO - [2025-12-12T14:13:57.244+0000] {dagbag.py:536} INFO - Filling up the DagBag from /opt/airflow/dags/iss_pipeline_orchestration.py
[2025-12-12T14:13:57.260+0000] {processor.py:839} INFO - DAG(s) dict_keys(['iss_data_quality', 'iss_monitoring', 'iss_restart']) retrieved from /opt/airflow/dags/iss_pipeline_orchestration.py
[2025-12-12T14:13:57.290+0000] {logging_mixin.py:154} INFO - [2025-12-12T14:13:57.290+0000] {dag.py:2941} INFO - Sync 3 DAGs
[2025-12-12T14:13:57.308+0000] {logging_mixin.py:154} INFO - [2025-12-12T14:13:57.308+0000] {dag.py:3722} INFO - Setting next_dagrun for iss_data_quality to 2025-12-12T14:03:42.889204+00:00, run_after=2025-12-12T15:03:42.889204+00:00
[2025-12-12T14:13:57.312+0000] {logging_mixin.py:154} INFO - [2025-12-12T14:13:57.311+0000] {dag.py:3722} INFO - Setting next_dagrun for iss_monitoring to 2025-12-12T14:13:42.890326+00:00, run_after=2025-12-12T14:18:42.890326+00:00
[2025-12-12T14:13:57.313+0000] {logging_mixin.py:154} INFO - [2025-12-12T14:13:57.313+0000] {dag.py:3722} INFO - Setting next_dagrun for iss_restart to None, run_after=None
[2025-12-12T14:13:57.326+0000] {processor.py:179} INFO - Processing /opt/airflow/dags/iss_pipeline_orchestration.py took 0.086 seconds
