[2025-12-15T07:54:47.594+0000] {processor.py:157} INFO - Started process (PID=185) to work on /opt/airflow/dags/iss_pipeline_orchestration.py
[2025-12-15T07:54:47.595+0000] {processor.py:829} INFO - Processing file /opt/airflow/dags/iss_pipeline_orchestration.py for tasks to queue
[2025-12-15T07:54:47.595+0000] {logging_mixin.py:154} INFO - [2025-12-15T07:54:47.595+0000] {dagbag.py:536} INFO - Filling up the DagBag from /opt/airflow/dags/iss_pipeline_orchestration.py
[2025-12-15T07:54:47.623+0000] {processor.py:839} INFO - DAG(s) dict_keys(['iss_monitoring', 'iss_data_quality', 'iss_restart']) retrieved from /opt/airflow/dags/iss_pipeline_orchestration.py
[2025-12-15T07:54:47.827+0000] {logging_mixin.py:154} INFO - [2025-12-15T07:54:47.827+0000] {manager.py:499} INFO - Created Permission View: %s
[2025-12-15T07:54:47.836+0000] {logging_mixin.py:154} INFO - [2025-12-15T07:54:47.836+0000] {manager.py:499} INFO - Created Permission View: %s
[2025-12-15T07:54:47.842+0000] {logging_mixin.py:154} INFO - [2025-12-15T07:54:47.842+0000] {manager.py:499} INFO - Created Permission View: %s
[2025-12-15T07:54:47.856+0000] {logging_mixin.py:154} INFO - [2025-12-15T07:54:47.855+0000] {manager.py:499} INFO - Created Permission View: %s
[2025-12-15T07:54:47.862+0000] {logging_mixin.py:154} INFO - [2025-12-15T07:54:47.862+0000] {manager.py:499} INFO - Created Permission View: %s
[2025-12-15T07:54:47.868+0000] {logging_mixin.py:154} INFO - [2025-12-15T07:54:47.868+0000] {manager.py:499} INFO - Created Permission View: %s
[2025-12-15T07:54:47.881+0000] {logging_mixin.py:154} INFO - [2025-12-15T07:54:47.881+0000] {manager.py:499} INFO - Created Permission View: %s
[2025-12-15T07:54:47.887+0000] {logging_mixin.py:154} INFO - [2025-12-15T07:54:47.887+0000] {manager.py:499} INFO - Created Permission View: %s
[2025-12-15T07:54:47.893+0000] {logging_mixin.py:154} INFO - [2025-12-15T07:54:47.893+0000] {manager.py:499} INFO - Created Permission View: %s
[2025-12-15T07:54:47.894+0000] {logging_mixin.py:154} INFO - [2025-12-15T07:54:47.894+0000] {dag.py:2941} INFO - Sync 3 DAGs
[2025-12-15T07:54:47.904+0000] {logging_mixin.py:154} INFO - [2025-12-15T07:54:47.904+0000] {dag.py:2963} INFO - Creating ORM DAG for iss_monitoring
[2025-12-15T07:54:47.904+0000] {logging_mixin.py:154} INFO - [2025-12-15T07:54:47.904+0000] {dag.py:2963} INFO - Creating ORM DAG for iss_data_quality
[2025-12-15T07:54:47.905+0000] {logging_mixin.py:154} INFO - [2025-12-15T07:54:47.905+0000] {dag.py:2963} INFO - Creating ORM DAG for iss_restart
[2025-12-15T07:54:47.914+0000] {logging_mixin.py:154} INFO - [2025-12-15T07:54:47.913+0000] {dag.py:3722} INFO - Setting next_dagrun for iss_data_quality to 2025-12-15T06:54:47.913709+00:00, run_after=2025-12-15T07:54:47.913709+00:00
[2025-12-15T07:54:47.915+0000] {logging_mixin.py:154} INFO - [2025-12-15T07:54:47.915+0000] {dag.py:3722} INFO - Setting next_dagrun for iss_monitoring to 2025-12-15T07:49:47.914954+00:00, run_after=2025-12-15T07:54:47.914954+00:00
[2025-12-15T07:54:47.915+0000] {logging_mixin.py:154} INFO - [2025-12-15T07:54:47.915+0000] {dag.py:3722} INFO - Setting next_dagrun for iss_restart to None, run_after=None
[2025-12-15T07:54:47.938+0000] {processor.py:179} INFO - Processing /opt/airflow/dags/iss_pipeline_orchestration.py took 0.347 seconds
[2025-12-15T07:55:18.072+0000] {processor.py:157} INFO - Started process (PID=211) to work on /opt/airflow/dags/iss_pipeline_orchestration.py
[2025-12-15T07:55:18.075+0000] {processor.py:829} INFO - Processing file /opt/airflow/dags/iss_pipeline_orchestration.py for tasks to queue
[2025-12-15T07:55:18.077+0000] {logging_mixin.py:154} INFO - [2025-12-15T07:55:18.076+0000] {dagbag.py:536} INFO - Filling up the DagBag from /opt/airflow/dags/iss_pipeline_orchestration.py
[2025-12-15T07:55:18.099+0000] {processor.py:839} INFO - DAG(s) dict_keys(['iss_data_quality', 'iss_restart', 'iss_monitoring']) retrieved from /opt/airflow/dags/iss_pipeline_orchestration.py
[2025-12-15T07:55:18.147+0000] {logging_mixin.py:154} INFO - [2025-12-15T07:55:18.147+0000] {dag.py:2941} INFO - Sync 3 DAGs
[2025-12-15T07:55:18.176+0000] {logging_mixin.py:154} INFO - [2025-12-15T07:55:18.176+0000] {dag.py:3722} INFO - Setting next_dagrun for iss_data_quality to 2025-12-15T07:54:47.913709+00:00, run_after=2025-12-15T08:54:47.913709+00:00
[2025-12-15T07:55:18.181+0000] {logging_mixin.py:154} INFO - [2025-12-15T07:55:18.181+0000] {dag.py:3722} INFO - Setting next_dagrun for iss_monitoring to 2025-12-15T07:54:47.914954+00:00, run_after=2025-12-15T07:59:47.914954+00:00
[2025-12-15T07:55:18.183+0000] {logging_mixin.py:154} INFO - [2025-12-15T07:55:18.183+0000] {dag.py:3722} INFO - Setting next_dagrun for iss_restart to None, run_after=None
[2025-12-15T07:55:18.207+0000] {processor.py:179} INFO - Processing /opt/airflow/dags/iss_pipeline_orchestration.py took 0.137 seconds
[2025-12-15T07:55:48.447+0000] {processor.py:157} INFO - Started process (PID=223) to work on /opt/airflow/dags/iss_pipeline_orchestration.py
[2025-12-15T07:55:48.448+0000] {processor.py:829} INFO - Processing file /opt/airflow/dags/iss_pipeline_orchestration.py for tasks to queue
[2025-12-15T07:55:48.449+0000] {logging_mixin.py:154} INFO - [2025-12-15T07:55:48.449+0000] {dagbag.py:536} INFO - Filling up the DagBag from /opt/airflow/dags/iss_pipeline_orchestration.py
[2025-12-15T07:55:48.471+0000] {processor.py:839} INFO - DAG(s) dict_keys(['iss_monitoring', 'iss_restart', 'iss_data_quality']) retrieved from /opt/airflow/dags/iss_pipeline_orchestration.py
[2025-12-15T07:55:48.517+0000] {logging_mixin.py:154} INFO - [2025-12-15T07:55:48.517+0000] {dag.py:2941} INFO - Sync 3 DAGs
[2025-12-15T07:55:48.542+0000] {logging_mixin.py:154} INFO - [2025-12-15T07:55:48.542+0000] {dag.py:3722} INFO - Setting next_dagrun for iss_data_quality to 2025-12-15T07:54:47.913709+00:00, run_after=2025-12-15T08:54:47.913709+00:00
[2025-12-15T07:55:48.547+0000] {logging_mixin.py:154} INFO - [2025-12-15T07:55:48.546+0000] {dag.py:3722} INFO - Setting next_dagrun for iss_monitoring to 2025-12-15T07:54:47.914954+00:00, run_after=2025-12-15T07:59:47.914954+00:00
[2025-12-15T07:55:48.548+0000] {logging_mixin.py:154} INFO - [2025-12-15T07:55:48.548+0000] {dag.py:3722} INFO - Setting next_dagrun for iss_restart to None, run_after=None
[2025-12-15T07:55:48.566+0000] {processor.py:179} INFO - Processing /opt/airflow/dags/iss_pipeline_orchestration.py took 0.122 seconds
[2025-12-15T07:56:19.239+0000] {processor.py:157} INFO - Started process (PID=239) to work on /opt/airflow/dags/iss_pipeline_orchestration.py
[2025-12-15T07:56:19.240+0000] {processor.py:829} INFO - Processing file /opt/airflow/dags/iss_pipeline_orchestration.py for tasks to queue
[2025-12-15T07:56:19.241+0000] {logging_mixin.py:154} INFO - [2025-12-15T07:56:19.240+0000] {dagbag.py:536} INFO - Filling up the DagBag from /opt/airflow/dags/iss_pipeline_orchestration.py
[2025-12-15T07:56:19.258+0000] {processor.py:839} INFO - DAG(s) dict_keys(['iss_data_quality', 'iss_restart', 'iss_monitoring']) retrieved from /opt/airflow/dags/iss_pipeline_orchestration.py
[2025-12-15T07:56:19.287+0000] {logging_mixin.py:154} INFO - [2025-12-15T07:56:19.287+0000] {dag.py:2941} INFO - Sync 3 DAGs
[2025-12-15T07:56:19.307+0000] {logging_mixin.py:154} INFO - [2025-12-15T07:56:19.306+0000] {dag.py:3722} INFO - Setting next_dagrun for iss_data_quality to 2025-12-15T07:54:47.913709+00:00, run_after=2025-12-15T08:54:47.913709+00:00
[2025-12-15T07:56:19.310+0000] {logging_mixin.py:154} INFO - [2025-12-15T07:56:19.309+0000] {dag.py:3722} INFO - Setting next_dagrun for iss_monitoring to 2025-12-15T07:54:47.914954+00:00, run_after=2025-12-15T07:59:47.914954+00:00
[2025-12-15T07:56:19.311+0000] {logging_mixin.py:154} INFO - [2025-12-15T07:56:19.311+0000] {dag.py:3722} INFO - Setting next_dagrun for iss_restart to None, run_after=None
[2025-12-15T07:56:19.326+0000] {processor.py:179} INFO - Processing /opt/airflow/dags/iss_pipeline_orchestration.py took 0.090 seconds
[2025-12-15T07:56:49.627+0000] {processor.py:157} INFO - Started process (PID=251) to work on /opt/airflow/dags/iss_pipeline_orchestration.py
[2025-12-15T07:56:49.628+0000] {processor.py:829} INFO - Processing file /opt/airflow/dags/iss_pipeline_orchestration.py for tasks to queue
[2025-12-15T07:56:49.629+0000] {logging_mixin.py:154} INFO - [2025-12-15T07:56:49.629+0000] {dagbag.py:536} INFO - Filling up the DagBag from /opt/airflow/dags/iss_pipeline_orchestration.py
[2025-12-15T07:56:49.652+0000] {processor.py:839} INFO - DAG(s) dict_keys(['iss_data_quality', 'iss_monitoring', 'iss_restart']) retrieved from /opt/airflow/dags/iss_pipeline_orchestration.py
[2025-12-15T07:56:49.687+0000] {logging_mixin.py:154} INFO - [2025-12-15T07:56:49.686+0000] {dag.py:2941} INFO - Sync 3 DAGs
[2025-12-15T07:56:49.720+0000] {logging_mixin.py:154} INFO - [2025-12-15T07:56:49.720+0000] {dag.py:3722} INFO - Setting next_dagrun for iss_data_quality to 2025-12-15T07:54:47.913709+00:00, run_after=2025-12-15T08:54:47.913709+00:00
[2025-12-15T07:56:49.727+0000] {logging_mixin.py:154} INFO - [2025-12-15T07:56:49.727+0000] {dag.py:3722} INFO - Setting next_dagrun for iss_monitoring to 2025-12-15T07:54:47.914954+00:00, run_after=2025-12-15T07:59:47.914954+00:00
[2025-12-15T07:56:49.729+0000] {logging_mixin.py:154} INFO - [2025-12-15T07:56:49.729+0000] {dag.py:3722} INFO - Setting next_dagrun for iss_restart to None, run_after=None
[2025-12-15T07:56:49.753+0000] {processor.py:179} INFO - Processing /opt/airflow/dags/iss_pipeline_orchestration.py took 0.132 seconds
[2025-12-15T07:57:20.097+0000] {processor.py:157} INFO - Started process (PID=267) to work on /opt/airflow/dags/iss_pipeline_orchestration.py
[2025-12-15T07:57:20.099+0000] {processor.py:829} INFO - Processing file /opt/airflow/dags/iss_pipeline_orchestration.py for tasks to queue
[2025-12-15T07:57:20.100+0000] {logging_mixin.py:154} INFO - [2025-12-15T07:57:20.099+0000] {dagbag.py:536} INFO - Filling up the DagBag from /opt/airflow/dags/iss_pipeline_orchestration.py
[2025-12-15T07:57:20.118+0000] {processor.py:839} INFO - DAG(s) dict_keys(['iss_data_quality', 'iss_restart', 'iss_monitoring']) retrieved from /opt/airflow/dags/iss_pipeline_orchestration.py
[2025-12-15T07:57:20.153+0000] {logging_mixin.py:154} INFO - [2025-12-15T07:57:20.152+0000] {dag.py:2941} INFO - Sync 3 DAGs
[2025-12-15T07:57:20.173+0000] {logging_mixin.py:154} INFO - [2025-12-15T07:57:20.173+0000] {dag.py:3722} INFO - Setting next_dagrun for iss_data_quality to 2025-12-15T07:54:47.913709+00:00, run_after=2025-12-15T08:54:47.913709+00:00
[2025-12-15T07:57:20.176+0000] {logging_mixin.py:154} INFO - [2025-12-15T07:57:20.176+0000] {dag.py:3722} INFO - Setting next_dagrun for iss_monitoring to 2025-12-15T07:54:47.914954+00:00, run_after=2025-12-15T07:59:47.914954+00:00
[2025-12-15T07:57:20.177+0000] {logging_mixin.py:154} INFO - [2025-12-15T07:57:20.177+0000] {dag.py:3722} INFO - Setting next_dagrun for iss_restart to None, run_after=None
[2025-12-15T07:57:20.192+0000] {processor.py:179} INFO - Processing /opt/airflow/dags/iss_pipeline_orchestration.py took 0.098 seconds
[2025-12-15T07:57:50.599+0000] {processor.py:157} INFO - Started process (PID=279) to work on /opt/airflow/dags/iss_pipeline_orchestration.py
[2025-12-15T07:57:50.600+0000] {processor.py:829} INFO - Processing file /opt/airflow/dags/iss_pipeline_orchestration.py for tasks to queue
[2025-12-15T07:57:50.601+0000] {logging_mixin.py:154} INFO - [2025-12-15T07:57:50.601+0000] {dagbag.py:536} INFO - Filling up the DagBag from /opt/airflow/dags/iss_pipeline_orchestration.py
[2025-12-15T07:57:50.617+0000] {processor.py:839} INFO - DAG(s) dict_keys(['iss_restart', 'iss_monitoring', 'iss_data_quality']) retrieved from /opt/airflow/dags/iss_pipeline_orchestration.py
[2025-12-15T07:57:50.647+0000] {logging_mixin.py:154} INFO - [2025-12-15T07:57:50.647+0000] {dag.py:2941} INFO - Sync 3 DAGs
[2025-12-15T07:57:50.667+0000] {logging_mixin.py:154} INFO - [2025-12-15T07:57:50.666+0000] {dag.py:3722} INFO - Setting next_dagrun for iss_data_quality to 2025-12-15T07:54:47.913709+00:00, run_after=2025-12-15T08:54:47.913709+00:00
[2025-12-15T07:57:50.670+0000] {logging_mixin.py:154} INFO - [2025-12-15T07:57:50.670+0000] {dag.py:3722} INFO - Setting next_dagrun for iss_monitoring to 2025-12-15T07:54:47.914954+00:00, run_after=2025-12-15T07:59:47.914954+00:00
[2025-12-15T07:57:50.671+0000] {logging_mixin.py:154} INFO - [2025-12-15T07:57:50.671+0000] {dag.py:3722} INFO - Setting next_dagrun for iss_restart to None, run_after=None
[2025-12-15T07:57:50.686+0000] {processor.py:179} INFO - Processing /opt/airflow/dags/iss_pipeline_orchestration.py took 0.089 seconds
[2025-12-15T07:58:21.015+0000] {processor.py:157} INFO - Started process (PID=291) to work on /opt/airflow/dags/iss_pipeline_orchestration.py
[2025-12-15T07:58:21.016+0000] {processor.py:829} INFO - Processing file /opt/airflow/dags/iss_pipeline_orchestration.py for tasks to queue
[2025-12-15T07:58:21.017+0000] {logging_mixin.py:154} INFO - [2025-12-15T07:58:21.017+0000] {dagbag.py:536} INFO - Filling up the DagBag from /opt/airflow/dags/iss_pipeline_orchestration.py
[2025-12-15T07:58:21.035+0000] {processor.py:839} INFO - DAG(s) dict_keys(['iss_data_quality', 'iss_monitoring', 'iss_restart']) retrieved from /opt/airflow/dags/iss_pipeline_orchestration.py
[2025-12-15T07:58:21.065+0000] {logging_mixin.py:154} INFO - [2025-12-15T07:58:21.065+0000] {dag.py:2941} INFO - Sync 3 DAGs
[2025-12-15T07:58:21.085+0000] {logging_mixin.py:154} INFO - [2025-12-15T07:58:21.085+0000] {dag.py:3722} INFO - Setting next_dagrun for iss_data_quality to 2025-12-15T07:54:47.913709+00:00, run_after=2025-12-15T08:54:47.913709+00:00
[2025-12-15T07:58:21.089+0000] {logging_mixin.py:154} INFO - [2025-12-15T07:58:21.088+0000] {dag.py:3722} INFO - Setting next_dagrun for iss_monitoring to 2025-12-15T07:54:47.914954+00:00, run_after=2025-12-15T07:59:47.914954+00:00
[2025-12-15T07:58:21.090+0000] {logging_mixin.py:154} INFO - [2025-12-15T07:58:21.090+0000] {dag.py:3722} INFO - Setting next_dagrun for iss_restart to None, run_after=None
[2025-12-15T07:58:21.106+0000] {processor.py:179} INFO - Processing /opt/airflow/dags/iss_pipeline_orchestration.py took 0.093 seconds
[2025-12-15T07:58:51.514+0000] {processor.py:157} INFO - Started process (PID=303) to work on /opt/airflow/dags/iss_pipeline_orchestration.py
[2025-12-15T07:58:51.516+0000] {processor.py:829} INFO - Processing file /opt/airflow/dags/iss_pipeline_orchestration.py for tasks to queue
[2025-12-15T07:58:51.518+0000] {logging_mixin.py:154} INFO - [2025-12-15T07:58:51.517+0000] {dagbag.py:536} INFO - Filling up the DagBag from /opt/airflow/dags/iss_pipeline_orchestration.py
[2025-12-15T07:58:51.549+0000] {processor.py:839} INFO - DAG(s) dict_keys(['iss_monitoring', 'iss_restart', 'iss_data_quality']) retrieved from /opt/airflow/dags/iss_pipeline_orchestration.py
[2025-12-15T07:58:51.582+0000] {logging_mixin.py:154} INFO - [2025-12-15T07:58:51.582+0000] {dag.py:2941} INFO - Sync 3 DAGs
[2025-12-15T07:58:51.610+0000] {logging_mixin.py:154} INFO - [2025-12-15T07:58:51.610+0000] {dag.py:3722} INFO - Setting next_dagrun for iss_data_quality to 2025-12-15T07:54:47.913709+00:00, run_after=2025-12-15T08:54:47.913709+00:00
[2025-12-15T07:58:51.614+0000] {logging_mixin.py:154} INFO - [2025-12-15T07:58:51.614+0000] {dag.py:3722} INFO - Setting next_dagrun for iss_monitoring to 2025-12-15T07:54:47.914954+00:00, run_after=2025-12-15T07:59:47.914954+00:00
[2025-12-15T07:58:51.616+0000] {logging_mixin.py:154} INFO - [2025-12-15T07:58:51.616+0000] {dag.py:3722} INFO - Setting next_dagrun for iss_restart to None, run_after=None
[2025-12-15T07:58:51.631+0000] {processor.py:179} INFO - Processing /opt/airflow/dags/iss_pipeline_orchestration.py took 0.125 seconds
[2025-12-15T07:59:21.960+0000] {processor.py:157} INFO - Started process (PID=315) to work on /opt/airflow/dags/iss_pipeline_orchestration.py
[2025-12-15T07:59:21.961+0000] {processor.py:829} INFO - Processing file /opt/airflow/dags/iss_pipeline_orchestration.py for tasks to queue
[2025-12-15T07:59:21.962+0000] {logging_mixin.py:154} INFO - [2025-12-15T07:59:21.962+0000] {dagbag.py:536} INFO - Filling up the DagBag from /opt/airflow/dags/iss_pipeline_orchestration.py
[2025-12-15T07:59:21.978+0000] {processor.py:839} INFO - DAG(s) dict_keys(['iss_monitoring', 'iss_restart', 'iss_data_quality']) retrieved from /opt/airflow/dags/iss_pipeline_orchestration.py
[2025-12-15T07:59:22.007+0000] {logging_mixin.py:154} INFO - [2025-12-15T07:59:22.007+0000] {dag.py:2941} INFO - Sync 3 DAGs
[2025-12-15T07:59:22.029+0000] {logging_mixin.py:154} INFO - [2025-12-15T07:59:22.029+0000] {dag.py:3722} INFO - Setting next_dagrun for iss_data_quality to 2025-12-15T07:54:47.913709+00:00, run_after=2025-12-15T08:54:47.913709+00:00
[2025-12-15T07:59:22.032+0000] {logging_mixin.py:154} INFO - [2025-12-15T07:59:22.032+0000] {dag.py:3722} INFO - Setting next_dagrun for iss_monitoring to 2025-12-15T07:54:47.914954+00:00, run_after=2025-12-15T07:59:47.914954+00:00
[2025-12-15T07:59:22.033+0000] {logging_mixin.py:154} INFO - [2025-12-15T07:59:22.033+0000] {dag.py:3722} INFO - Setting next_dagrun for iss_restart to None, run_after=None
[2025-12-15T07:59:22.048+0000] {processor.py:179} INFO - Processing /opt/airflow/dags/iss_pipeline_orchestration.py took 0.090 seconds
[2025-12-15T07:59:52.472+0000] {processor.py:157} INFO - Started process (PID=337) to work on /opt/airflow/dags/iss_pipeline_orchestration.py
[2025-12-15T07:59:52.472+0000] {processor.py:829} INFO - Processing file /opt/airflow/dags/iss_pipeline_orchestration.py for tasks to queue
[2025-12-15T07:59:52.473+0000] {logging_mixin.py:154} INFO - [2025-12-15T07:59:52.473+0000] {dagbag.py:536} INFO - Filling up the DagBag from /opt/airflow/dags/iss_pipeline_orchestration.py
[2025-12-15T07:59:52.489+0000] {processor.py:839} INFO - DAG(s) dict_keys(['iss_data_quality', 'iss_monitoring', 'iss_restart']) retrieved from /opt/airflow/dags/iss_pipeline_orchestration.py
[2025-12-15T07:59:52.519+0000] {logging_mixin.py:154} INFO - [2025-12-15T07:59:52.519+0000] {dag.py:2941} INFO - Sync 3 DAGs
[2025-12-15T07:59:52.540+0000] {logging_mixin.py:154} INFO - [2025-12-15T07:59:52.539+0000] {dag.py:3722} INFO - Setting next_dagrun for iss_data_quality to 2025-12-15T07:54:47.913709+00:00, run_after=2025-12-15T08:54:47.913709+00:00
[2025-12-15T07:59:52.543+0000] {logging_mixin.py:154} INFO - [2025-12-15T07:59:52.543+0000] {dag.py:3722} INFO - Setting next_dagrun for iss_monitoring to 2025-12-15T07:59:47.914954+00:00, run_after=2025-12-15T08:04:47.914954+00:00
[2025-12-15T07:59:52.545+0000] {logging_mixin.py:154} INFO - [2025-12-15T07:59:52.545+0000] {dag.py:3722} INFO - Setting next_dagrun for iss_restart to None, run_after=None
[2025-12-15T07:59:52.561+0000] {processor.py:179} INFO - Processing /opt/airflow/dags/iss_pipeline_orchestration.py took 0.092 seconds
[2025-12-15T08:00:22.777+0000] {processor.py:157} INFO - Started process (PID=349) to work on /opt/airflow/dags/iss_pipeline_orchestration.py
[2025-12-15T08:00:22.778+0000] {processor.py:829} INFO - Processing file /opt/airflow/dags/iss_pipeline_orchestration.py for tasks to queue
[2025-12-15T08:00:22.779+0000] {logging_mixin.py:154} INFO - [2025-12-15T08:00:22.779+0000] {dagbag.py:536} INFO - Filling up the DagBag from /opt/airflow/dags/iss_pipeline_orchestration.py
[2025-12-15T08:00:22.796+0000] {processor.py:839} INFO - DAG(s) dict_keys(['iss_restart', 'iss_monitoring', 'iss_data_quality']) retrieved from /opt/airflow/dags/iss_pipeline_orchestration.py
[2025-12-15T08:00:22.830+0000] {logging_mixin.py:154} INFO - [2025-12-15T08:00:22.829+0000] {dag.py:2941} INFO - Sync 3 DAGs
[2025-12-15T08:00:22.853+0000] {logging_mixin.py:154} INFO - [2025-12-15T08:00:22.853+0000] {dag.py:3722} INFO - Setting next_dagrun for iss_data_quality to 2025-12-15T07:54:47.913709+00:00, run_after=2025-12-15T08:54:47.913709+00:00
[2025-12-15T08:00:22.857+0000] {logging_mixin.py:154} INFO - [2025-12-15T08:00:22.857+0000] {dag.py:3722} INFO - Setting next_dagrun for iss_monitoring to 2025-12-15T07:59:47.914954+00:00, run_after=2025-12-15T08:04:47.914954+00:00
[2025-12-15T08:00:22.858+0000] {logging_mixin.py:154} INFO - [2025-12-15T08:00:22.858+0000] {dag.py:3722} INFO - Setting next_dagrun for iss_restart to None, run_after=None
[2025-12-15T08:00:22.879+0000] {processor.py:179} INFO - Processing /opt/airflow/dags/iss_pipeline_orchestration.py took 0.106 seconds
[2025-12-15T08:00:53.268+0000] {processor.py:157} INFO - Started process (PID=354) to work on /opt/airflow/dags/iss_pipeline_orchestration.py
[2025-12-15T08:00:53.269+0000] {processor.py:829} INFO - Processing file /opt/airflow/dags/iss_pipeline_orchestration.py for tasks to queue
[2025-12-15T08:00:53.270+0000] {logging_mixin.py:154} INFO - [2025-12-15T08:00:53.270+0000] {dagbag.py:536} INFO - Filling up the DagBag from /opt/airflow/dags/iss_pipeline_orchestration.py
[2025-12-15T08:00:53.290+0000] {processor.py:839} INFO - DAG(s) dict_keys(['iss_monitoring', 'iss_data_quality', 'iss_restart']) retrieved from /opt/airflow/dags/iss_pipeline_orchestration.py
[2025-12-15T08:00:53.325+0000] {logging_mixin.py:154} INFO - [2025-12-15T08:00:53.324+0000] {dag.py:2941} INFO - Sync 3 DAGs
[2025-12-15T08:00:53.346+0000] {logging_mixin.py:154} INFO - [2025-12-15T08:00:53.346+0000] {dag.py:3722} INFO - Setting next_dagrun for iss_data_quality to 2025-12-15T07:54:47.913709+00:00, run_after=2025-12-15T08:54:47.913709+00:00
[2025-12-15T08:00:53.350+0000] {logging_mixin.py:154} INFO - [2025-12-15T08:00:53.350+0000] {dag.py:3722} INFO - Setting next_dagrun for iss_monitoring to 2025-12-15T07:59:47.914954+00:00, run_after=2025-12-15T08:04:47.914954+00:00
[2025-12-15T08:00:53.352+0000] {logging_mixin.py:154} INFO - [2025-12-15T08:00:53.352+0000] {dag.py:3722} INFO - Setting next_dagrun for iss_restart to None, run_after=None
[2025-12-15T08:00:53.369+0000] {processor.py:179} INFO - Processing /opt/airflow/dags/iss_pipeline_orchestration.py took 0.104 seconds
[2025-12-15T08:01:23.652+0000] {processor.py:157} INFO - Started process (PID=366) to work on /opt/airflow/dags/iss_pipeline_orchestration.py
[2025-12-15T08:01:23.653+0000] {processor.py:829} INFO - Processing file /opt/airflow/dags/iss_pipeline_orchestration.py for tasks to queue
[2025-12-15T08:01:23.654+0000] {logging_mixin.py:154} INFO - [2025-12-15T08:01:23.653+0000] {dagbag.py:536} INFO - Filling up the DagBag from /opt/airflow/dags/iss_pipeline_orchestration.py
[2025-12-15T08:01:23.670+0000] {processor.py:839} INFO - DAG(s) dict_keys(['iss_monitoring', 'iss_data_quality', 'iss_restart']) retrieved from /opt/airflow/dags/iss_pipeline_orchestration.py
[2025-12-15T08:01:23.700+0000] {logging_mixin.py:154} INFO - [2025-12-15T08:01:23.699+0000] {dag.py:2941} INFO - Sync 3 DAGs
[2025-12-15T08:01:23.721+0000] {logging_mixin.py:154} INFO - [2025-12-15T08:01:23.721+0000] {dag.py:3722} INFO - Setting next_dagrun for iss_data_quality to 2025-12-15T07:54:47.913709+00:00, run_after=2025-12-15T08:54:47.913709+00:00
[2025-12-15T08:01:23.724+0000] {logging_mixin.py:154} INFO - [2025-12-15T08:01:23.724+0000] {dag.py:3722} INFO - Setting next_dagrun for iss_monitoring to 2025-12-15T07:59:47.914954+00:00, run_after=2025-12-15T08:04:47.914954+00:00
[2025-12-15T08:01:23.725+0000] {logging_mixin.py:154} INFO - [2025-12-15T08:01:23.725+0000] {dag.py:3722} INFO - Setting next_dagrun for iss_restart to None, run_after=None
[2025-12-15T08:01:23.739+0000] {processor.py:179} INFO - Processing /opt/airflow/dags/iss_pipeline_orchestration.py took 0.090 seconds
[2025-12-15T08:01:54.072+0000] {processor.py:157} INFO - Started process (PID=379) to work on /opt/airflow/dags/iss_pipeline_orchestration.py
[2025-12-15T08:01:54.073+0000] {processor.py:829} INFO - Processing file /opt/airflow/dags/iss_pipeline_orchestration.py for tasks to queue
[2025-12-15T08:01:54.074+0000] {logging_mixin.py:154} INFO - [2025-12-15T08:01:54.074+0000] {dagbag.py:536} INFO - Filling up the DagBag from /opt/airflow/dags/iss_pipeline_orchestration.py
[2025-12-15T08:01:54.091+0000] {processor.py:839} INFO - DAG(s) dict_keys(['iss_restart', 'iss_monitoring', 'iss_data_quality']) retrieved from /opt/airflow/dags/iss_pipeline_orchestration.py
[2025-12-15T08:01:54.121+0000] {logging_mixin.py:154} INFO - [2025-12-15T08:01:54.121+0000] {dag.py:2941} INFO - Sync 3 DAGs
[2025-12-15T08:01:54.142+0000] {logging_mixin.py:154} INFO - [2025-12-15T08:01:54.142+0000] {dag.py:3722} INFO - Setting next_dagrun for iss_data_quality to 2025-12-15T07:54:47.913709+00:00, run_after=2025-12-15T08:54:47.913709+00:00
[2025-12-15T08:01:54.146+0000] {logging_mixin.py:154} INFO - [2025-12-15T08:01:54.146+0000] {dag.py:3722} INFO - Setting next_dagrun for iss_monitoring to 2025-12-15T07:59:47.914954+00:00, run_after=2025-12-15T08:04:47.914954+00:00
[2025-12-15T08:01:54.147+0000] {logging_mixin.py:154} INFO - [2025-12-15T08:01:54.147+0000] {dag.py:3722} INFO - Setting next_dagrun for iss_restart to None, run_after=None
[2025-12-15T08:01:54.163+0000] {processor.py:179} INFO - Processing /opt/airflow/dags/iss_pipeline_orchestration.py took 0.094 seconds
[2025-12-15T08:02:24.363+0000] {processor.py:157} INFO - Started process (PID=391) to work on /opt/airflow/dags/iss_pipeline_orchestration.py
[2025-12-15T08:02:24.364+0000] {processor.py:829} INFO - Processing file /opt/airflow/dags/iss_pipeline_orchestration.py for tasks to queue
[2025-12-15T08:02:24.366+0000] {logging_mixin.py:154} INFO - [2025-12-15T08:02:24.365+0000] {dagbag.py:536} INFO - Filling up the DagBag from /opt/airflow/dags/iss_pipeline_orchestration.py
[2025-12-15T08:02:24.388+0000] {processor.py:839} INFO - DAG(s) dict_keys(['iss_restart', 'iss_data_quality', 'iss_monitoring']) retrieved from /opt/airflow/dags/iss_pipeline_orchestration.py
[2025-12-15T08:02:24.430+0000] {logging_mixin.py:154} INFO - [2025-12-15T08:02:24.430+0000] {dag.py:2941} INFO - Sync 3 DAGs
[2025-12-15T08:02:24.484+0000] {logging_mixin.py:154} INFO - [2025-12-15T08:02:24.484+0000] {dag.py:3722} INFO - Setting next_dagrun for iss_data_quality to 2025-12-15T07:54:47.913709+00:00, run_after=2025-12-15T08:54:47.913709+00:00
[2025-12-15T08:02:24.491+0000] {logging_mixin.py:154} INFO - [2025-12-15T08:02:24.491+0000] {dag.py:3722} INFO - Setting next_dagrun for iss_monitoring to 2025-12-15T07:59:47.914954+00:00, run_after=2025-12-15T08:04:47.914954+00:00
[2025-12-15T08:02:24.493+0000] {logging_mixin.py:154} INFO - [2025-12-15T08:02:24.492+0000] {dag.py:3722} INFO - Setting next_dagrun for iss_restart to None, run_after=None
[2025-12-15T08:02:24.528+0000] {processor.py:179} INFO - Processing /opt/airflow/dags/iss_pipeline_orchestration.py took 0.169 seconds
[2025-12-15T08:02:54.932+0000] {processor.py:157} INFO - Started process (PID=403) to work on /opt/airflow/dags/iss_pipeline_orchestration.py
[2025-12-15T08:02:54.933+0000] {processor.py:829} INFO - Processing file /opt/airflow/dags/iss_pipeline_orchestration.py for tasks to queue
[2025-12-15T08:02:54.934+0000] {logging_mixin.py:154} INFO - [2025-12-15T08:02:54.934+0000] {dagbag.py:536} INFO - Filling up the DagBag from /opt/airflow/dags/iss_pipeline_orchestration.py
[2025-12-15T08:02:54.954+0000] {processor.py:839} INFO - DAG(s) dict_keys(['iss_monitoring', 'iss_data_quality', 'iss_restart']) retrieved from /opt/airflow/dags/iss_pipeline_orchestration.py
[2025-12-15T08:02:54.989+0000] {logging_mixin.py:154} INFO - [2025-12-15T08:02:54.989+0000] {dag.py:2941} INFO - Sync 3 DAGs
[2025-12-15T08:02:55.014+0000] {logging_mixin.py:154} INFO - [2025-12-15T08:02:55.014+0000] {dag.py:3722} INFO - Setting next_dagrun for iss_data_quality to 2025-12-15T07:54:47.913709+00:00, run_after=2025-12-15T08:54:47.913709+00:00
[2025-12-15T08:02:55.017+0000] {logging_mixin.py:154} INFO - [2025-12-15T08:02:55.017+0000] {dag.py:3722} INFO - Setting next_dagrun for iss_monitoring to 2025-12-15T07:59:47.914954+00:00, run_after=2025-12-15T08:04:47.914954+00:00
[2025-12-15T08:02:55.019+0000] {logging_mixin.py:154} INFO - [2025-12-15T08:02:55.019+0000] {dag.py:3722} INFO - Setting next_dagrun for iss_restart to None, run_after=None
[2025-12-15T08:02:55.036+0000] {processor.py:179} INFO - Processing /opt/airflow/dags/iss_pipeline_orchestration.py took 0.107 seconds
[2025-12-15T08:03:25.344+0000] {processor.py:157} INFO - Started process (PID=415) to work on /opt/airflow/dags/iss_pipeline_orchestration.py
[2025-12-15T08:03:25.345+0000] {processor.py:829} INFO - Processing file /opt/airflow/dags/iss_pipeline_orchestration.py for tasks to queue
[2025-12-15T08:03:25.346+0000] {logging_mixin.py:154} INFO - [2025-12-15T08:03:25.345+0000] {dagbag.py:536} INFO - Filling up the DagBag from /opt/airflow/dags/iss_pipeline_orchestration.py
[2025-12-15T08:03:25.367+0000] {processor.py:839} INFO - DAG(s) dict_keys(['iss_data_quality', 'iss_monitoring', 'iss_restart']) retrieved from /opt/airflow/dags/iss_pipeline_orchestration.py
[2025-12-15T08:03:25.405+0000] {logging_mixin.py:154} INFO - [2025-12-15T08:03:25.405+0000] {dag.py:2941} INFO - Sync 3 DAGs
[2025-12-15T08:03:25.431+0000] {logging_mixin.py:154} INFO - [2025-12-15T08:03:25.430+0000] {dag.py:3722} INFO - Setting next_dagrun for iss_data_quality to 2025-12-15T07:54:47.913709+00:00, run_after=2025-12-15T08:54:47.913709+00:00
[2025-12-15T08:03:25.435+0000] {logging_mixin.py:154} INFO - [2025-12-15T08:03:25.435+0000] {dag.py:3722} INFO - Setting next_dagrun for iss_monitoring to 2025-12-15T07:59:47.914954+00:00, run_after=2025-12-15T08:04:47.914954+00:00
[2025-12-15T08:03:25.437+0000] {logging_mixin.py:154} INFO - [2025-12-15T08:03:25.437+0000] {dag.py:3722} INFO - Setting next_dagrun for iss_restart to None, run_after=None
[2025-12-15T08:03:25.460+0000] {processor.py:179} INFO - Processing /opt/airflow/dags/iss_pipeline_orchestration.py took 0.118 seconds
[2025-12-15T08:03:55.729+0000] {processor.py:157} INFO - Started process (PID=427) to work on /opt/airflow/dags/iss_pipeline_orchestration.py
[2025-12-15T08:03:55.730+0000] {processor.py:829} INFO - Processing file /opt/airflow/dags/iss_pipeline_orchestration.py for tasks to queue
[2025-12-15T08:03:55.731+0000] {logging_mixin.py:154} INFO - [2025-12-15T08:03:55.731+0000] {dagbag.py:536} INFO - Filling up the DagBag from /opt/airflow/dags/iss_pipeline_orchestration.py
[2025-12-15T08:03:55.750+0000] {processor.py:839} INFO - DAG(s) dict_keys(['iss_monitoring', 'iss_data_quality', 'iss_restart']) retrieved from /opt/airflow/dags/iss_pipeline_orchestration.py
[2025-12-15T08:03:55.783+0000] {logging_mixin.py:154} INFO - [2025-12-15T08:03:55.783+0000] {dag.py:2941} INFO - Sync 3 DAGs
[2025-12-15T08:03:55.807+0000] {logging_mixin.py:154} INFO - [2025-12-15T08:03:55.807+0000] {dag.py:3722} INFO - Setting next_dagrun for iss_data_quality to 2025-12-15T07:54:47.913709+00:00, run_after=2025-12-15T08:54:47.913709+00:00
[2025-12-15T08:03:55.811+0000] {logging_mixin.py:154} INFO - [2025-12-15T08:03:55.811+0000] {dag.py:3722} INFO - Setting next_dagrun for iss_monitoring to 2025-12-15T07:59:47.914954+00:00, run_after=2025-12-15T08:04:47.914954+00:00
[2025-12-15T08:03:55.812+0000] {logging_mixin.py:154} INFO - [2025-12-15T08:03:55.812+0000] {dag.py:3722} INFO - Setting next_dagrun for iss_restart to None, run_after=None
[2025-12-15T08:03:55.830+0000] {processor.py:179} INFO - Processing /opt/airflow/dags/iss_pipeline_orchestration.py took 0.103 seconds
[2025-12-15T08:04:26.139+0000] {processor.py:157} INFO - Started process (PID=439) to work on /opt/airflow/dags/iss_pipeline_orchestration.py
[2025-12-15T08:04:26.140+0000] {processor.py:829} INFO - Processing file /opt/airflow/dags/iss_pipeline_orchestration.py for tasks to queue
[2025-12-15T08:04:26.141+0000] {logging_mixin.py:154} INFO - [2025-12-15T08:04:26.141+0000] {dagbag.py:536} INFO - Filling up the DagBag from /opt/airflow/dags/iss_pipeline_orchestration.py
[2025-12-15T08:04:26.157+0000] {processor.py:839} INFO - DAG(s) dict_keys(['iss_restart', 'iss_data_quality', 'iss_monitoring']) retrieved from /opt/airflow/dags/iss_pipeline_orchestration.py
[2025-12-15T08:04:26.185+0000] {logging_mixin.py:154} INFO - [2025-12-15T08:04:26.185+0000] {dag.py:2941} INFO - Sync 3 DAGs
[2025-12-15T08:04:26.206+0000] {logging_mixin.py:154} INFO - [2025-12-15T08:04:26.205+0000] {dag.py:3722} INFO - Setting next_dagrun for iss_data_quality to 2025-12-15T07:54:47.913709+00:00, run_after=2025-12-15T08:54:47.913709+00:00
[2025-12-15T08:04:26.209+0000] {logging_mixin.py:154} INFO - [2025-12-15T08:04:26.209+0000] {dag.py:3722} INFO - Setting next_dagrun for iss_monitoring to 2025-12-15T07:59:47.914954+00:00, run_after=2025-12-15T08:04:47.914954+00:00
[2025-12-15T08:04:26.211+0000] {logging_mixin.py:154} INFO - [2025-12-15T08:04:26.210+0000] {dag.py:3722} INFO - Setting next_dagrun for iss_restart to None, run_after=None
[2025-12-15T08:04:26.226+0000] {processor.py:179} INFO - Processing /opt/airflow/dags/iss_pipeline_orchestration.py took 0.088 seconds
[2025-12-15T08:04:56.363+0000] {processor.py:157} INFO - Started process (PID=461) to work on /opt/airflow/dags/iss_pipeline_orchestration.py
[2025-12-15T08:04:56.371+0000] {processor.py:829} INFO - Processing file /opt/airflow/dags/iss_pipeline_orchestration.py for tasks to queue
[2025-12-15T08:04:56.375+0000] {logging_mixin.py:154} INFO - [2025-12-15T08:04:56.371+0000] {dagbag.py:536} INFO - Filling up the DagBag from /opt/airflow/dags/iss_pipeline_orchestration.py
[2025-12-15T08:04:56.429+0000] {processor.py:839} INFO - DAG(s) dict_keys(['iss_restart', 'iss_monitoring', 'iss_data_quality']) retrieved from /opt/airflow/dags/iss_pipeline_orchestration.py
[2025-12-15T08:04:56.470+0000] {logging_mixin.py:154} INFO - [2025-12-15T08:04:56.470+0000] {dag.py:2941} INFO - Sync 3 DAGs
[2025-12-15T08:04:56.494+0000] {logging_mixin.py:154} INFO - [2025-12-15T08:04:56.493+0000] {dag.py:3722} INFO - Setting next_dagrun for iss_data_quality to 2025-12-15T07:54:47.913709+00:00, run_after=2025-12-15T08:54:47.913709+00:00
[2025-12-15T08:04:56.497+0000] {logging_mixin.py:154} INFO - [2025-12-15T08:04:56.496+0000] {dag.py:3722} INFO - Setting next_dagrun for iss_monitoring to 2025-12-15T08:04:47.914954+00:00, run_after=2025-12-15T08:09:47.914954+00:00
[2025-12-15T08:04:56.498+0000] {logging_mixin.py:154} INFO - [2025-12-15T08:04:56.498+0000] {dag.py:3722} INFO - Setting next_dagrun for iss_restart to None, run_after=None
[2025-12-15T08:04:56.516+0000] {processor.py:179} INFO - Processing /opt/airflow/dags/iss_pipeline_orchestration.py took 0.157 seconds
[2025-12-15T08:05:26.580+0000] {processor.py:157} INFO - Started process (PID=474) to work on /opt/airflow/dags/iss_pipeline_orchestration.py
[2025-12-15T08:05:26.581+0000] {processor.py:829} INFO - Processing file /opt/airflow/dags/iss_pipeline_orchestration.py for tasks to queue
[2025-12-15T08:05:26.582+0000] {logging_mixin.py:154} INFO - [2025-12-15T08:05:26.582+0000] {dagbag.py:536} INFO - Filling up the DagBag from /opt/airflow/dags/iss_pipeline_orchestration.py
[2025-12-15T08:05:26.604+0000] {processor.py:839} INFO - DAG(s) dict_keys(['iss_restart', 'iss_monitoring', 'iss_data_quality']) retrieved from /opt/airflow/dags/iss_pipeline_orchestration.py
[2025-12-15T08:05:26.617+0000] {logging_mixin.py:154} INFO - [2025-12-15T08:05:26.617+0000] {dag.py:2941} INFO - Sync 3 DAGs
[2025-12-15T08:05:26.644+0000] {logging_mixin.py:154} INFO - [2025-12-15T08:05:26.644+0000] {dag.py:3722} INFO - Setting next_dagrun for iss_data_quality to 2025-12-15T07:54:47.913709+00:00, run_after=2025-12-15T08:54:47.913709+00:00
[2025-12-15T08:05:26.649+0000] {logging_mixin.py:154} INFO - [2025-12-15T08:05:26.649+0000] {dag.py:3722} INFO - Setting next_dagrun for iss_monitoring to 2025-12-15T08:04:47.914954+00:00, run_after=2025-12-15T08:09:47.914954+00:00
[2025-12-15T08:05:26.651+0000] {logging_mixin.py:154} INFO - [2025-12-15T08:05:26.651+0000] {dag.py:3722} INFO - Setting next_dagrun for iss_restart to None, run_after=None
[2025-12-15T08:05:26.673+0000] {processor.py:179} INFO - Processing /opt/airflow/dags/iss_pipeline_orchestration.py took 0.095 seconds
[2025-12-15T08:05:57.075+0000] {processor.py:157} INFO - Started process (PID=486) to work on /opt/airflow/dags/iss_pipeline_orchestration.py
[2025-12-15T08:05:57.076+0000] {processor.py:829} INFO - Processing file /opt/airflow/dags/iss_pipeline_orchestration.py for tasks to queue
[2025-12-15T08:05:57.077+0000] {logging_mixin.py:154} INFO - [2025-12-15T08:05:57.077+0000] {dagbag.py:536} INFO - Filling up the DagBag from /opt/airflow/dags/iss_pipeline_orchestration.py
[2025-12-15T08:05:57.107+0000] {processor.py:839} INFO - DAG(s) dict_keys(['iss_monitoring', 'iss_data_quality', 'iss_restart']) retrieved from /opt/airflow/dags/iss_pipeline_orchestration.py
[2025-12-15T08:05:57.144+0000] {logging_mixin.py:154} INFO - [2025-12-15T08:05:57.143+0000] {dag.py:2941} INFO - Sync 3 DAGs
[2025-12-15T08:05:57.171+0000] {logging_mixin.py:154} INFO - [2025-12-15T08:05:57.171+0000] {dag.py:3722} INFO - Setting next_dagrun for iss_data_quality to 2025-12-15T07:54:47.913709+00:00, run_after=2025-12-15T08:54:47.913709+00:00
[2025-12-15T08:05:57.176+0000] {logging_mixin.py:154} INFO - [2025-12-15T08:05:57.175+0000] {dag.py:3722} INFO - Setting next_dagrun for iss_monitoring to 2025-12-15T08:04:47.914954+00:00, run_after=2025-12-15T08:09:47.914954+00:00
[2025-12-15T08:05:57.177+0000] {logging_mixin.py:154} INFO - [2025-12-15T08:05:57.177+0000] {dag.py:3722} INFO - Setting next_dagrun for iss_restart to None, run_after=None
[2025-12-15T08:05:57.197+0000] {processor.py:179} INFO - Processing /opt/airflow/dags/iss_pipeline_orchestration.py took 0.124 seconds
[2025-12-15T08:06:27.373+0000] {processor.py:157} INFO - Started process (PID=498) to work on /opt/airflow/dags/iss_pipeline_orchestration.py
[2025-12-15T08:06:27.374+0000] {processor.py:829} INFO - Processing file /opt/airflow/dags/iss_pipeline_orchestration.py for tasks to queue
[2025-12-15T08:06:27.375+0000] {logging_mixin.py:154} INFO - [2025-12-15T08:06:27.375+0000] {dagbag.py:536} INFO - Filling up the DagBag from /opt/airflow/dags/iss_pipeline_orchestration.py
[2025-12-15T08:06:27.396+0000] {processor.py:839} INFO - DAG(s) dict_keys(['iss_monitoring', 'iss_data_quality', 'iss_restart']) retrieved from /opt/airflow/dags/iss_pipeline_orchestration.py
[2025-12-15T08:06:27.427+0000] {logging_mixin.py:154} INFO - [2025-12-15T08:06:27.427+0000] {dag.py:2941} INFO - Sync 3 DAGs
[2025-12-15T08:06:27.448+0000] {logging_mixin.py:154} INFO - [2025-12-15T08:06:27.448+0000] {dag.py:3722} INFO - Setting next_dagrun for iss_data_quality to 2025-12-15T07:54:47.913709+00:00, run_after=2025-12-15T08:54:47.913709+00:00
[2025-12-15T08:06:27.452+0000] {logging_mixin.py:154} INFO - [2025-12-15T08:06:27.451+0000] {dag.py:3722} INFO - Setting next_dagrun for iss_monitoring to 2025-12-15T08:04:47.914954+00:00, run_after=2025-12-15T08:09:47.914954+00:00
[2025-12-15T08:06:27.453+0000] {logging_mixin.py:154} INFO - [2025-12-15T08:06:27.453+0000] {dag.py:3722} INFO - Setting next_dagrun for iss_restart to None, run_after=None
[2025-12-15T08:06:27.473+0000] {processor.py:179} INFO - Processing /opt/airflow/dags/iss_pipeline_orchestration.py took 0.103 seconds
[2025-12-15T08:06:57.777+0000] {processor.py:157} INFO - Started process (PID=510) to work on /opt/airflow/dags/iss_pipeline_orchestration.py
[2025-12-15T08:06:57.778+0000] {processor.py:829} INFO - Processing file /opt/airflow/dags/iss_pipeline_orchestration.py for tasks to queue
[2025-12-15T08:06:57.779+0000] {logging_mixin.py:154} INFO - [2025-12-15T08:06:57.779+0000] {dagbag.py:536} INFO - Filling up the DagBag from /opt/airflow/dags/iss_pipeline_orchestration.py
[2025-12-15T08:06:57.799+0000] {processor.py:839} INFO - DAG(s) dict_keys(['iss_restart', 'iss_data_quality', 'iss_monitoring']) retrieved from /opt/airflow/dags/iss_pipeline_orchestration.py
[2025-12-15T08:06:57.834+0000] {logging_mixin.py:154} INFO - [2025-12-15T08:06:57.834+0000] {dag.py:2941} INFO - Sync 3 DAGs
[2025-12-15T08:06:57.857+0000] {logging_mixin.py:154} INFO - [2025-12-15T08:06:57.857+0000] {dag.py:3722} INFO - Setting next_dagrun for iss_data_quality to 2025-12-15T07:54:47.913709+00:00, run_after=2025-12-15T08:54:47.913709+00:00
[2025-12-15T08:06:57.861+0000] {logging_mixin.py:154} INFO - [2025-12-15T08:06:57.861+0000] {dag.py:3722} INFO - Setting next_dagrun for iss_monitoring to 2025-12-15T08:04:47.914954+00:00, run_after=2025-12-15T08:09:47.914954+00:00
[2025-12-15T08:06:57.862+0000] {logging_mixin.py:154} INFO - [2025-12-15T08:06:57.862+0000] {dag.py:3722} INFO - Setting next_dagrun for iss_restart to None, run_after=None
[2025-12-15T08:06:57.878+0000] {processor.py:179} INFO - Processing /opt/airflow/dags/iss_pipeline_orchestration.py took 0.104 seconds
[2025-12-15T08:07:28.028+0000] {processor.py:157} INFO - Started process (PID=522) to work on /opt/airflow/dags/iss_pipeline_orchestration.py
[2025-12-15T08:07:28.028+0000] {processor.py:829} INFO - Processing file /opt/airflow/dags/iss_pipeline_orchestration.py for tasks to queue
[2025-12-15T08:07:28.029+0000] {logging_mixin.py:154} INFO - [2025-12-15T08:07:28.029+0000] {dagbag.py:536} INFO - Filling up the DagBag from /opt/airflow/dags/iss_pipeline_orchestration.py
[2025-12-15T08:07:28.047+0000] {processor.py:839} INFO - DAG(s) dict_keys(['iss_monitoring', 'iss_data_quality', 'iss_restart']) retrieved from /opt/airflow/dags/iss_pipeline_orchestration.py
[2025-12-15T08:07:28.081+0000] {logging_mixin.py:154} INFO - [2025-12-15T08:07:28.080+0000] {dag.py:2941} INFO - Sync 3 DAGs
[2025-12-15T08:07:28.105+0000] {logging_mixin.py:154} INFO - [2025-12-15T08:07:28.105+0000] {dag.py:3722} INFO - Setting next_dagrun for iss_data_quality to 2025-12-15T07:54:47.913709+00:00, run_after=2025-12-15T08:54:47.913709+00:00
[2025-12-15T08:07:28.110+0000] {logging_mixin.py:154} INFO - [2025-12-15T08:07:28.109+0000] {dag.py:3722} INFO - Setting next_dagrun for iss_monitoring to 2025-12-15T08:04:47.914954+00:00, run_after=2025-12-15T08:09:47.914954+00:00
[2025-12-15T08:07:28.111+0000] {logging_mixin.py:154} INFO - [2025-12-15T08:07:28.111+0000] {dag.py:3722} INFO - Setting next_dagrun for iss_restart to None, run_after=None
[2025-12-15T08:07:28.129+0000] {processor.py:179} INFO - Processing /opt/airflow/dags/iss_pipeline_orchestration.py took 0.104 seconds
[2025-12-15T08:07:58.394+0000] {processor.py:157} INFO - Started process (PID=534) to work on /opt/airflow/dags/iss_pipeline_orchestration.py
[2025-12-15T08:07:58.395+0000] {processor.py:829} INFO - Processing file /opt/airflow/dags/iss_pipeline_orchestration.py for tasks to queue
[2025-12-15T08:07:58.395+0000] {logging_mixin.py:154} INFO - [2025-12-15T08:07:58.395+0000] {dagbag.py:536} INFO - Filling up the DagBag from /opt/airflow/dags/iss_pipeline_orchestration.py
[2025-12-15T08:07:58.412+0000] {processor.py:839} INFO - DAG(s) dict_keys(['iss_restart', 'iss_data_quality', 'iss_monitoring']) retrieved from /opt/airflow/dags/iss_pipeline_orchestration.py
[2025-12-15T08:07:58.440+0000] {logging_mixin.py:154} INFO - [2025-12-15T08:07:58.440+0000] {dag.py:2941} INFO - Sync 3 DAGs
[2025-12-15T08:07:58.459+0000] {logging_mixin.py:154} INFO - [2025-12-15T08:07:58.459+0000] {dag.py:3722} INFO - Setting next_dagrun for iss_data_quality to 2025-12-15T07:54:47.913709+00:00, run_after=2025-12-15T08:54:47.913709+00:00
[2025-12-15T08:07:58.462+0000] {logging_mixin.py:154} INFO - [2025-12-15T08:07:58.461+0000] {dag.py:3722} INFO - Setting next_dagrun for iss_monitoring to 2025-12-15T08:04:47.914954+00:00, run_after=2025-12-15T08:09:47.914954+00:00
[2025-12-15T08:07:58.463+0000] {logging_mixin.py:154} INFO - [2025-12-15T08:07:58.463+0000] {dag.py:3722} INFO - Setting next_dagrun for iss_restart to None, run_after=None
[2025-12-15T08:07:58.477+0000] {processor.py:179} INFO - Processing /opt/airflow/dags/iss_pipeline_orchestration.py took 0.085 seconds
[2025-12-15T08:08:28.757+0000] {processor.py:157} INFO - Started process (PID=546) to work on /opt/airflow/dags/iss_pipeline_orchestration.py
[2025-12-15T08:08:28.758+0000] {processor.py:829} INFO - Processing file /opt/airflow/dags/iss_pipeline_orchestration.py for tasks to queue
[2025-12-15T08:08:28.759+0000] {logging_mixin.py:154} INFO - [2025-12-15T08:08:28.758+0000] {dagbag.py:536} INFO - Filling up the DagBag from /opt/airflow/dags/iss_pipeline_orchestration.py
[2025-12-15T08:08:28.777+0000] {processor.py:839} INFO - DAG(s) dict_keys(['iss_data_quality', 'iss_restart', 'iss_monitoring']) retrieved from /opt/airflow/dags/iss_pipeline_orchestration.py
[2025-12-15T08:08:28.806+0000] {logging_mixin.py:154} INFO - [2025-12-15T08:08:28.806+0000] {dag.py:2941} INFO - Sync 3 DAGs
[2025-12-15T08:08:28.826+0000] {logging_mixin.py:154} INFO - [2025-12-15T08:08:28.825+0000] {dag.py:3722} INFO - Setting next_dagrun for iss_data_quality to 2025-12-15T07:54:47.913709+00:00, run_after=2025-12-15T08:54:47.913709+00:00
[2025-12-15T08:08:28.829+0000] {logging_mixin.py:154} INFO - [2025-12-15T08:08:28.828+0000] {dag.py:3722} INFO - Setting next_dagrun for iss_monitoring to 2025-12-15T08:04:47.914954+00:00, run_after=2025-12-15T08:09:47.914954+00:00
[2025-12-15T08:08:28.830+0000] {logging_mixin.py:154} INFO - [2025-12-15T08:08:28.830+0000] {dag.py:3722} INFO - Setting next_dagrun for iss_restart to None, run_after=None
[2025-12-15T08:08:28.846+0000] {processor.py:179} INFO - Processing /opt/airflow/dags/iss_pipeline_orchestration.py took 0.092 seconds
[2025-12-15T08:08:59.024+0000] {processor.py:157} INFO - Started process (PID=558) to work on /opt/airflow/dags/iss_pipeline_orchestration.py
[2025-12-15T08:08:59.025+0000] {processor.py:829} INFO - Processing file /opt/airflow/dags/iss_pipeline_orchestration.py for tasks to queue
[2025-12-15T08:08:59.026+0000] {logging_mixin.py:154} INFO - [2025-12-15T08:08:59.025+0000] {dagbag.py:536} INFO - Filling up the DagBag from /opt/airflow/dags/iss_pipeline_orchestration.py
[2025-12-15T08:08:59.046+0000] {processor.py:839} INFO - DAG(s) dict_keys(['iss_restart', 'iss_data_quality', 'iss_monitoring']) retrieved from /opt/airflow/dags/iss_pipeline_orchestration.py
[2025-12-15T08:08:59.080+0000] {logging_mixin.py:154} INFO - [2025-12-15T08:08:59.080+0000] {dag.py:2941} INFO - Sync 3 DAGs
[2025-12-15T08:08:59.103+0000] {logging_mixin.py:154} INFO - [2025-12-15T08:08:59.103+0000] {dag.py:3722} INFO - Setting next_dagrun for iss_data_quality to 2025-12-15T07:54:47.913709+00:00, run_after=2025-12-15T08:54:47.913709+00:00
[2025-12-15T08:08:59.106+0000] {logging_mixin.py:154} INFO - [2025-12-15T08:08:59.106+0000] {dag.py:3722} INFO - Setting next_dagrun for iss_monitoring to 2025-12-15T08:04:47.914954+00:00, run_after=2025-12-15T08:09:47.914954+00:00
[2025-12-15T08:08:59.107+0000] {logging_mixin.py:154} INFO - [2025-12-15T08:08:59.107+0000] {dag.py:3722} INFO - Setting next_dagrun for iss_restart to None, run_after=None
[2025-12-15T08:08:59.123+0000] {processor.py:179} INFO - Processing /opt/airflow/dags/iss_pipeline_orchestration.py took 0.104 seconds
[2025-12-15T08:09:29.378+0000] {processor.py:157} INFO - Started process (PID=570) to work on /opt/airflow/dags/iss_pipeline_orchestration.py
[2025-12-15T08:09:29.379+0000] {processor.py:829} INFO - Processing file /opt/airflow/dags/iss_pipeline_orchestration.py for tasks to queue
[2025-12-15T08:09:29.380+0000] {logging_mixin.py:154} INFO - [2025-12-15T08:09:29.380+0000] {dagbag.py:536} INFO - Filling up the DagBag from /opt/airflow/dags/iss_pipeline_orchestration.py
[2025-12-15T08:09:29.399+0000] {processor.py:839} INFO - DAG(s) dict_keys(['iss_data_quality', 'iss_monitoring', 'iss_restart']) retrieved from /opt/airflow/dags/iss_pipeline_orchestration.py
[2025-12-15T08:09:29.434+0000] {logging_mixin.py:154} INFO - [2025-12-15T08:09:29.434+0000] {dag.py:2941} INFO - Sync 3 DAGs
[2025-12-15T08:09:29.456+0000] {logging_mixin.py:154} INFO - [2025-12-15T08:09:29.456+0000] {dag.py:3722} INFO - Setting next_dagrun for iss_data_quality to 2025-12-15T07:54:47.913709+00:00, run_after=2025-12-15T08:54:47.913709+00:00
[2025-12-15T08:09:29.460+0000] {logging_mixin.py:154} INFO - [2025-12-15T08:09:29.459+0000] {dag.py:3722} INFO - Setting next_dagrun for iss_monitoring to 2025-12-15T08:04:47.914954+00:00, run_after=2025-12-15T08:09:47.914954+00:00
[2025-12-15T08:09:29.461+0000] {logging_mixin.py:154} INFO - [2025-12-15T08:09:29.461+0000] {dag.py:3722} INFO - Setting next_dagrun for iss_restart to None, run_after=None
[2025-12-15T08:09:29.476+0000] {processor.py:179} INFO - Processing /opt/airflow/dags/iss_pipeline_orchestration.py took 0.101 seconds
[2025-12-15T08:09:59.743+0000] {processor.py:157} INFO - Started process (PID=592) to work on /opt/airflow/dags/iss_pipeline_orchestration.py
[2025-12-15T08:09:59.745+0000] {processor.py:829} INFO - Processing file /opt/airflow/dags/iss_pipeline_orchestration.py for tasks to queue
[2025-12-15T08:09:59.746+0000] {logging_mixin.py:154} INFO - [2025-12-15T08:09:59.746+0000] {dagbag.py:536} INFO - Filling up the DagBag from /opt/airflow/dags/iss_pipeline_orchestration.py
[2025-12-15T08:09:59.773+0000] {processor.py:839} INFO - DAG(s) dict_keys(['iss_data_quality', 'iss_restart', 'iss_monitoring']) retrieved from /opt/airflow/dags/iss_pipeline_orchestration.py
[2025-12-15T08:09:59.825+0000] {logging_mixin.py:154} INFO - [2025-12-15T08:09:59.825+0000] {dag.py:2941} INFO - Sync 3 DAGs
[2025-12-15T08:09:59.869+0000] {logging_mixin.py:154} INFO - [2025-12-15T08:09:59.869+0000] {dag.py:3722} INFO - Setting next_dagrun for iss_data_quality to 2025-12-15T07:54:47.913709+00:00, run_after=2025-12-15T08:54:47.913709+00:00
[2025-12-15T08:09:59.874+0000] {logging_mixin.py:154} INFO - [2025-12-15T08:09:59.873+0000] {dag.py:3722} INFO - Setting next_dagrun for iss_monitoring to 2025-12-15T08:09:47.914954+00:00, run_after=2025-12-15T08:14:47.914954+00:00
[2025-12-15T08:09:59.876+0000] {logging_mixin.py:154} INFO - [2025-12-15T08:09:59.876+0000] {dag.py:3722} INFO - Setting next_dagrun for iss_restart to None, run_after=None
[2025-12-15T08:09:59.899+0000] {processor.py:179} INFO - Processing /opt/airflow/dags/iss_pipeline_orchestration.py took 0.159 seconds
[2025-12-15T08:10:30.043+0000] {processor.py:157} INFO - Started process (PID=604) to work on /opt/airflow/dags/iss_pipeline_orchestration.py
[2025-12-15T08:10:30.044+0000] {processor.py:829} INFO - Processing file /opt/airflow/dags/iss_pipeline_orchestration.py for tasks to queue
[2025-12-15T08:10:30.045+0000] {logging_mixin.py:154} INFO - [2025-12-15T08:10:30.045+0000] {dagbag.py:536} INFO - Filling up the DagBag from /opt/airflow/dags/iss_pipeline_orchestration.py
[2025-12-15T08:10:30.067+0000] {processor.py:839} INFO - DAG(s) dict_keys(['iss_monitoring', 'iss_data_quality', 'iss_restart']) retrieved from /opt/airflow/dags/iss_pipeline_orchestration.py
[2025-12-15T08:10:30.106+0000] {logging_mixin.py:154} INFO - [2025-12-15T08:10:30.105+0000] {dag.py:2941} INFO - Sync 3 DAGs
[2025-12-15T08:10:30.131+0000] {logging_mixin.py:154} INFO - [2025-12-15T08:10:30.130+0000] {dag.py:3722} INFO - Setting next_dagrun for iss_data_quality to 2025-12-15T07:54:47.913709+00:00, run_after=2025-12-15T08:54:47.913709+00:00
[2025-12-15T08:10:30.134+0000] {logging_mixin.py:154} INFO - [2025-12-15T08:10:30.134+0000] {dag.py:3722} INFO - Setting next_dagrun for iss_monitoring to 2025-12-15T08:09:47.914954+00:00, run_after=2025-12-15T08:14:47.914954+00:00
[2025-12-15T08:10:30.136+0000] {logging_mixin.py:154} INFO - [2025-12-15T08:10:30.135+0000] {dag.py:3722} INFO - Setting next_dagrun for iss_restart to None, run_after=None
[2025-12-15T08:10:30.153+0000] {processor.py:179} INFO - Processing /opt/airflow/dags/iss_pipeline_orchestration.py took 0.112 seconds
[2025-12-15T08:11:00.328+0000] {processor.py:157} INFO - Started process (PID=616) to work on /opt/airflow/dags/iss_pipeline_orchestration.py
[2025-12-15T08:11:00.329+0000] {processor.py:829} INFO - Processing file /opt/airflow/dags/iss_pipeline_orchestration.py for tasks to queue
[2025-12-15T08:11:00.329+0000] {logging_mixin.py:154} INFO - [2025-12-15T08:11:00.329+0000] {dagbag.py:536} INFO - Filling up the DagBag from /opt/airflow/dags/iss_pipeline_orchestration.py
[2025-12-15T08:11:00.348+0000] {processor.py:839} INFO - DAG(s) dict_keys(['iss_monitoring', 'iss_data_quality', 'iss_restart']) retrieved from /opt/airflow/dags/iss_pipeline_orchestration.py
[2025-12-15T08:11:00.380+0000] {logging_mixin.py:154} INFO - [2025-12-15T08:11:00.379+0000] {dag.py:2941} INFO - Sync 3 DAGs
[2025-12-15T08:11:00.410+0000] {logging_mixin.py:154} INFO - [2025-12-15T08:11:00.410+0000] {dag.py:3722} INFO - Setting next_dagrun for iss_data_quality to 2025-12-15T07:54:47.913709+00:00, run_after=2025-12-15T08:54:47.913709+00:00
[2025-12-15T08:11:00.416+0000] {logging_mixin.py:154} INFO - [2025-12-15T08:11:00.415+0000] {dag.py:3722} INFO - Setting next_dagrun for iss_monitoring to 2025-12-15T08:09:47.914954+00:00, run_after=2025-12-15T08:14:47.914954+00:00
[2025-12-15T08:11:00.418+0000] {logging_mixin.py:154} INFO - [2025-12-15T08:11:00.417+0000] {dag.py:3722} INFO - Setting next_dagrun for iss_restart to None, run_after=None
[2025-12-15T08:11:00.441+0000] {processor.py:179} INFO - Processing /opt/airflow/dags/iss_pipeline_orchestration.py took 0.116 seconds
[2025-12-15T08:11:30.586+0000] {processor.py:157} INFO - Started process (PID=628) to work on /opt/airflow/dags/iss_pipeline_orchestration.py
[2025-12-15T08:11:30.587+0000] {processor.py:829} INFO - Processing file /opt/airflow/dags/iss_pipeline_orchestration.py for tasks to queue
[2025-12-15T08:11:30.588+0000] {logging_mixin.py:154} INFO - [2025-12-15T08:11:30.587+0000] {dagbag.py:536} INFO - Filling up the DagBag from /opt/airflow/dags/iss_pipeline_orchestration.py
[2025-12-15T08:11:30.605+0000] {processor.py:839} INFO - DAG(s) dict_keys(['iss_monitoring', 'iss_data_quality', 'iss_restart']) retrieved from /opt/airflow/dags/iss_pipeline_orchestration.py
[2025-12-15T08:11:30.616+0000] {logging_mixin.py:154} INFO - [2025-12-15T08:11:30.616+0000] {dag.py:2941} INFO - Sync 3 DAGs
[2025-12-15T08:11:30.638+0000] {logging_mixin.py:154} INFO - [2025-12-15T08:11:30.638+0000] {dag.py:3722} INFO - Setting next_dagrun for iss_data_quality to 2025-12-15T07:54:47.913709+00:00, run_after=2025-12-15T08:54:47.913709+00:00
[2025-12-15T08:11:30.642+0000] {logging_mixin.py:154} INFO - [2025-12-15T08:11:30.642+0000] {dag.py:3722} INFO - Setting next_dagrun for iss_monitoring to 2025-12-15T08:09:47.914954+00:00, run_after=2025-12-15T08:14:47.914954+00:00
[2025-12-15T08:11:30.643+0000] {logging_mixin.py:154} INFO - [2025-12-15T08:11:30.643+0000] {dag.py:3722} INFO - Setting next_dagrun for iss_restart to None, run_after=None
[2025-12-15T08:11:30.661+0000] {processor.py:179} INFO - Processing /opt/airflow/dags/iss_pipeline_orchestration.py took 0.077 seconds
[2025-12-15T08:12:00.847+0000] {processor.py:157} INFO - Started process (PID=640) to work on /opt/airflow/dags/iss_pipeline_orchestration.py
[2025-12-15T08:12:00.847+0000] {processor.py:829} INFO - Processing file /opt/airflow/dags/iss_pipeline_orchestration.py for tasks to queue
[2025-12-15T08:12:00.848+0000] {logging_mixin.py:154} INFO - [2025-12-15T08:12:00.848+0000] {dagbag.py:536} INFO - Filling up the DagBag from /opt/airflow/dags/iss_pipeline_orchestration.py
[2025-12-15T08:12:00.864+0000] {processor.py:839} INFO - DAG(s) dict_keys(['iss_restart', 'iss_data_quality', 'iss_monitoring']) retrieved from /opt/airflow/dags/iss_pipeline_orchestration.py
[2025-12-15T08:12:00.896+0000] {logging_mixin.py:154} INFO - [2025-12-15T08:12:00.896+0000] {dag.py:2941} INFO - Sync 3 DAGs
[2025-12-15T08:12:00.917+0000] {logging_mixin.py:154} INFO - [2025-12-15T08:12:00.916+0000] {dag.py:3722} INFO - Setting next_dagrun for iss_data_quality to 2025-12-15T07:54:47.913709+00:00, run_after=2025-12-15T08:54:47.913709+00:00
[2025-12-15T08:12:00.920+0000] {logging_mixin.py:154} INFO - [2025-12-15T08:12:00.920+0000] {dag.py:3722} INFO - Setting next_dagrun for iss_monitoring to 2025-12-15T08:09:47.914954+00:00, run_after=2025-12-15T08:14:47.914954+00:00
[2025-12-15T08:12:00.921+0000] {logging_mixin.py:154} INFO - [2025-12-15T08:12:00.921+0000] {dag.py:3722} INFO - Setting next_dagrun for iss_restart to None, run_after=None
[2025-12-15T08:12:00.934+0000] {processor.py:179} INFO - Processing /opt/airflow/dags/iss_pipeline_orchestration.py took 0.091 seconds
[2025-12-15T08:12:31.159+0000] {processor.py:157} INFO - Started process (PID=652) to work on /opt/airflow/dags/iss_pipeline_orchestration.py
[2025-12-15T08:12:31.160+0000] {processor.py:829} INFO - Processing file /opt/airflow/dags/iss_pipeline_orchestration.py for tasks to queue
[2025-12-15T08:12:31.161+0000] {logging_mixin.py:154} INFO - [2025-12-15T08:12:31.161+0000] {dagbag.py:536} INFO - Filling up the DagBag from /opt/airflow/dags/iss_pipeline_orchestration.py
[2025-12-15T08:12:31.181+0000] {processor.py:839} INFO - DAG(s) dict_keys(['iss_restart', 'iss_data_quality', 'iss_monitoring']) retrieved from /opt/airflow/dags/iss_pipeline_orchestration.py
[2025-12-15T08:12:31.215+0000] {logging_mixin.py:154} INFO - [2025-12-15T08:12:31.215+0000] {dag.py:2941} INFO - Sync 3 DAGs
[2025-12-15T08:12:31.238+0000] {logging_mixin.py:154} INFO - [2025-12-15T08:12:31.237+0000] {dag.py:3722} INFO - Setting next_dagrun for iss_data_quality to 2025-12-15T07:54:47.913709+00:00, run_after=2025-12-15T08:54:47.913709+00:00
[2025-12-15T08:12:31.241+0000] {logging_mixin.py:154} INFO - [2025-12-15T08:12:31.241+0000] {dag.py:3722} INFO - Setting next_dagrun for iss_monitoring to 2025-12-15T08:09:47.914954+00:00, run_after=2025-12-15T08:14:47.914954+00:00
[2025-12-15T08:12:31.242+0000] {logging_mixin.py:154} INFO - [2025-12-15T08:12:31.242+0000] {dag.py:3722} INFO - Setting next_dagrun for iss_restart to None, run_after=None
[2025-12-15T08:12:31.259+0000] {processor.py:179} INFO - Processing /opt/airflow/dags/iss_pipeline_orchestration.py took 0.103 seconds
[2025-12-15T08:13:01.383+0000] {processor.py:157} INFO - Started process (PID=664) to work on /opt/airflow/dags/iss_pipeline_orchestration.py
[2025-12-15T08:13:01.384+0000] {processor.py:829} INFO - Processing file /opt/airflow/dags/iss_pipeline_orchestration.py for tasks to queue
[2025-12-15T08:13:01.385+0000] {logging_mixin.py:154} INFO - [2025-12-15T08:13:01.384+0000] {dagbag.py:536} INFO - Filling up the DagBag from /opt/airflow/dags/iss_pipeline_orchestration.py
[2025-12-15T08:13:01.402+0000] {processor.py:839} INFO - DAG(s) dict_keys(['iss_data_quality', 'iss_monitoring', 'iss_restart']) retrieved from /opt/airflow/dags/iss_pipeline_orchestration.py
[2025-12-15T08:13:01.435+0000] {logging_mixin.py:154} INFO - [2025-12-15T08:13:01.435+0000] {dag.py:2941} INFO - Sync 3 DAGs
[2025-12-15T08:13:01.455+0000] {logging_mixin.py:154} INFO - [2025-12-15T08:13:01.455+0000] {dag.py:3722} INFO - Setting next_dagrun for iss_data_quality to 2025-12-15T07:54:47.913709+00:00, run_after=2025-12-15T08:54:47.913709+00:00
[2025-12-15T08:13:01.458+0000] {logging_mixin.py:154} INFO - [2025-12-15T08:13:01.458+0000] {dag.py:3722} INFO - Setting next_dagrun for iss_monitoring to 2025-12-15T08:09:47.914954+00:00, run_after=2025-12-15T08:14:47.914954+00:00
[2025-12-15T08:13:01.459+0000] {logging_mixin.py:154} INFO - [2025-12-15T08:13:01.459+0000] {dag.py:3722} INFO - Setting next_dagrun for iss_restart to None, run_after=None
[2025-12-15T08:13:01.473+0000] {processor.py:179} INFO - Processing /opt/airflow/dags/iss_pipeline_orchestration.py took 0.093 seconds
[2025-12-15T08:13:31.685+0000] {processor.py:157} INFO - Started process (PID=676) to work on /opt/airflow/dags/iss_pipeline_orchestration.py
[2025-12-15T08:13:31.686+0000] {processor.py:829} INFO - Processing file /opt/airflow/dags/iss_pipeline_orchestration.py for tasks to queue
[2025-12-15T08:13:31.687+0000] {logging_mixin.py:154} INFO - [2025-12-15T08:13:31.687+0000] {dagbag.py:536} INFO - Filling up the DagBag from /opt/airflow/dags/iss_pipeline_orchestration.py
[2025-12-15T08:13:31.710+0000] {processor.py:839} INFO - DAG(s) dict_keys(['iss_restart', 'iss_monitoring', 'iss_data_quality']) retrieved from /opt/airflow/dags/iss_pipeline_orchestration.py
[2025-12-15T08:13:31.746+0000] {logging_mixin.py:154} INFO - [2025-12-15T08:13:31.746+0000] {dag.py:2941} INFO - Sync 3 DAGs
[2025-12-15T08:13:31.772+0000] {logging_mixin.py:154} INFO - [2025-12-15T08:13:31.772+0000] {dag.py:3722} INFO - Setting next_dagrun for iss_data_quality to 2025-12-15T07:54:47.913709+00:00, run_after=2025-12-15T08:54:47.913709+00:00
[2025-12-15T08:13:31.776+0000] {logging_mixin.py:154} INFO - [2025-12-15T08:13:31.776+0000] {dag.py:3722} INFO - Setting next_dagrun for iss_monitoring to 2025-12-15T08:09:47.914954+00:00, run_after=2025-12-15T08:14:47.914954+00:00
[2025-12-15T08:13:31.778+0000] {logging_mixin.py:154} INFO - [2025-12-15T08:13:31.778+0000] {dag.py:3722} INFO - Setting next_dagrun for iss_restart to None, run_after=None
[2025-12-15T08:13:31.799+0000] {processor.py:179} INFO - Processing /opt/airflow/dags/iss_pipeline_orchestration.py took 0.117 seconds
